{"C:\\CODE\\obsidian-inputs\\compactSnapshotSerializers.js": {"path":"C:\\CODE\\obsidian-inputs\\compactSnapshotSerializers.js","statementMap":{"0":{"start":{"line":4,"column":16},"end":{"line":4,"column":18}},"1":{"start":{"line":5,"column":25},"end":{"line":21,"column":1}},"2":{"start":{"line":7,"column":16},"end":{"line":7,"column":55}},"3":{"start":{"line":9,"column":20},"end":{"line":13,"column":7}},"4":{"start":{"line":10,"column":18},"end":{"line":10,"column":39}},"5":{"start":{"line":11,"column":3},"end":{"line":11,"column":67}},"6":{"start":{"line":11,"column":51},"end":{"line":11,"column":67}},"7":{"start":{"line":12,"column":3},"end":{"line":12,"column":16}},"8":{"start":{"line":15,"column":2},"end":{"line":19,"column":33}},"9":{"start":{"line":23,"column":0},"end":{"line":30,"column":2}},"10":{"start":{"line":25,"column":2},"end":{"line":25,"column":36}},"11":{"start":{"line":28,"column":2},"end":{"line":28,"column":37}}},"fnMap":{"0":{"name":"(anonymous_0)","decl":{"start":{"line":7,"column":7},"end":{"line":7,"column":8}},"loc":{"start":{"line":7,"column":16},"end":{"line":7,"column":55}},"line":7},"1":{"name":"(anonymous_1)","decl":{"start":{"line":8,"column":8},"end":{"line":8,"column":9}},"loc":{"start":{"line":8,"column":28},"end":{"line":20,"column":2}},"line":8},"2":{"name":"(anonymous_2)","decl":{"start":{"line":9,"column":40},"end":{"line":9,"column":41}},"loc":{"start":{"line":9,"column":56},"end":{"line":13,"column":3}},"line":9},"3":{"name":"(anonymous_3)","decl":{"start":{"line":24,"column":1},"end":{"line":24,"column":2}},"loc":{"start":{"line":24,"column":11},"end":{"line":26,"column":2}},"line":24},"4":{"name":"(anonymous_4)","decl":{"start":{"line":27,"column":1},"end":{"line":27,"column":2}},"loc":{"start":{"line":27,"column":59},"end":{"line":29,"column":2}},"line":27}},"branchMap":{"0":{"loc":{"start":{"line":7,"column":16},"end":{"line":7,"column":55}},"type":"binary-expr","locations":[{"start":{"line":7,"column":16},"end":{"line":7,"column":39}},{"start":{"line":7,"column":43},"end":{"line":7,"column":55}}],"line":7},"1":{"loc":{"start":{"line":11,"column":3},"end":{"line":11,"column":67}},"type":"if","locations":[{"start":{"line":11,"column":3},"end":{"line":11,"column":67}},{"start":{},"end":{}}],"line":11}},"s":{"0":4,"1":4,"2":4,"3":4,"4":100,"5":100,"6":68,"7":32,"8":4,"9":4,"10":4,"11":4},"f":{"0":4,"1":4,"2":100,"3":4,"4":4},"b":{"0":[4,4],"1":[68,32]},"inputSourceMap":null,"_coverageSchema":"1a1c01bbd47fc00a2c39e90264f33305004495a9","hash":"890288d54ea9dc47dc1e6f3a34a2d39a8a4e618c"}
,"C:\\CODE\\obsidian-inputs\\src\\api.ts": {"path":"C:\\CODE\\obsidian-inputs\\src\\api.ts","statementMap":{"0":{"start":{"line":2,"column":0},"end":{"line":2,"column":29}},"1":{"start":{"line":3,"column":0},"end":{"line":3,"column":74}},"2":{"start":{"line":5,"column":0},"end":{"line":5,"column":8}},"3":{"start":{"line":5,"column":8},"end":{"line":5,"column":24}},"4":{"start":{"line":5,"column":24},"end":{"line":5,"column":47}},"5":{"start":{"line":7,"column":0},"end":{"line":7,"column":32}},"6":{"start":{"line":8,"column":0},"end":{"line":8,"column":null}},"7":{"start":{"line":12,"column":0},"end":{"line":12,"column":78}},"8":{"start":{"line":13,"column":0},"end":{"line":13,"column":47}},"9":{"start":{"line":14,"column":0},"end":{"line":14,"column":33}},"10":{"start":{"line":15,"column":0},"end":{"line":15,"column":35}},"11":{"start":{"line":16,"column":0},"end":{"line":16,"column":41}},"12":{"start":{"line":17,"column":0},"end":{"line":17,"column":83}},"13":{"start":{"line":18,"column":0},"end":{"line":18,"column":43}},"14":{"start":{"line":21,"column":10},"end":{"line":21,"column":24}},"15":{"start":{"line":31,"column":12},"end":{"line":31,"column":33}},"16":{"start":{"line":32,"column":10},"end":{"line":32,"column":29}},"17":{"start":{"line":33,"column":1},"end":{"line":33,"column":null}},"18":{"start":{"line":30,"column":0},"end":{"line":30,"column":16}},"19":{"start":{"line":56,"column":21},"end":{"line":56,"column":62}},"20":{"start":{"line":57,"column":1},"end":{"line":57,"column":null}},"21":{"start":{"line":58,"column":23},"end":{"line":58,"column":77}},"22":{"start":{"line":59,"column":17},"end":{"line":59,"column":90}},"23":{"start":{"line":60,"column":1},"end":{"line":60,"column":null}},"24":{"start":{"line":54,"column":0},"end":{"line":54,"column":7}},"25":{"start":{"line":79,"column":16},"end":{"line":79,"column":43}},"26":{"start":{"line":80,"column":31},"end":{"line":80,"column":37}},"27":{"start":{"line":82,"column":1},"end":{"line":101,"column":null}},"28":{"start":{"line":83,"column":15},"end":{"line":83,"column":36}},"29":{"start":{"line":84,"column":2},"end":{"line":84,"column":null}},"30":{"start":{"line":85,"column":8},"end":{"line":101,"column":null}},"31":{"start":{"line":86,"column":16},"end":{"line":86,"column":44}},"32":{"start":{"line":87,"column":2},"end":{"line":87,"column":null}},"33":{"start":{"line":88,"column":8},"end":{"line":101,"column":null}},"34":{"start":{"line":89,"column":2},"end":{"line":99,"column":null}},"35":{"start":{"line":91,"column":3},"end":{"line":91,"column":null}},"36":{"start":{"line":92,"column":3},"end":{"line":92,"column":null}},"37":{"start":{"line":94,"column":3},"end":{"line":94,"column":null}},"38":{"start":{"line":95,"column":3},"end":{"line":95,"column":null}},"39":{"start":{"line":98,"column":3},"end":{"line":98,"column":null}},"40":{"start":{"line":102,"column":1},"end":{"line":102,"column":null}},"41":{"start":{"line":78,"column":0},"end":{"line":78,"column":7}},"42":{"start":{"line":107,"column":1},"end":{"line":107,"column":null}},"43":{"start":{"line":107,"column":26},"end":{"line":107,"column":null}},"44":{"start":{"line":111,"column":1},"end":{"line":111,"column":null}},"45":{"start":{"line":112,"column":51},"end":{"line":112,"column":57}},"46":{"start":{"line":113,"column":1},"end":{"line":118,"column":null}},"47":{"start":{"line":115,"column":3},"end":{"line":115,"column":null}},"48":{"start":{"line":117,"column":3},"end":{"line":117,"column":null}},"49":{"start":{"line":119,"column":18},"end":{"line":119,"column":20}},"50":{"start":{"line":120,"column":13},"end":{"line":120,"column":33}},"51":{"start":{"line":121,"column":15},"end":{"line":121,"column":43}},"52":{"start":{"line":122,"column":1},"end":{"line":137,"column":null}},"53":{"start":{"line":124,"column":22},"end":{"line":124,"column":52}},"54":{"start":{"line":125,"column":21},"end":{"line":125,"column":73}},"55":{"start":{"line":126,"column":3},"end":{"line":126,"column":null}},"56":{"start":{"line":127,"column":3},"end":{"line":127,"column":8}},"57":{"start":{"line":130,"column":3},"end":{"line":130,"column":null}},"58":{"start":{"line":131,"column":3},"end":{"line":131,"column":8}},"59":{"start":{"line":134,"column":3},"end":{"line":134,"column":null}},"60":{"start":{"line":135,"column":3},"end":{"line":135,"column":8}},"61":{"start":{"line":138,"column":1},"end":{"line":138,"column":35}},"62":{"start":{"line":138,"column":28},"end":{"line":138,"column":35}},"63":{"start":{"line":139,"column":1},"end":{"line":139,"column":null}},"64":{"start":{"line":140,"column":1},"end":{"line":140,"column":7}},"65":{"start":{"line":106,"column":0},"end":{"line":106,"column":7}},"66":{"start":{"line":144,"column":18},"end":{"line":144,"column":59}},"67":{"start":{"line":145,"column":14},"end":{"line":145,"column":51}},"68":{"start":{"line":147,"column":22},"end":{"line":147,"column":42}},"69":{"start":{"line":148,"column":1},"end":{"line":148,"column":null}},"70":{"start":{"line":149,"column":24},"end":{"line":149,"column":72}},"71":{"start":{"line":150,"column":1},"end":{"line":150,"column":null}},"72":{"start":{"line":151,"column":1},"end":{"line":151,"column":null}},"73":{"start":{"line":153,"column":1},"end":{"line":158,"column":null}},"74":{"start":{"line":143,"column":0},"end":{"line":143,"column":7}},"75":{"start":{"line":162,"column":27},"end":{"line":162,"column":31}},"76":{"start":{"line":163,"column":14},"end":{"line":163,"column":43}},"77":{"start":{"line":165,"column":1},"end":{"line":171,"column":null}},"78":{"start":{"line":166,"column":29},"end":{"line":166,"column":68}},"79":{"start":{"line":167,"column":2},"end":{"line":169,"column":null}},"80":{"start":{"line":168,"column":3},"end":{"line":169,"column":null}},"81":{"start":{"line":168,"column":30},"end":{"line":168,"column":null}},"82":{"start":{"line":169,"column":8},"end":{"line":169,"column":null}},"83":{"start":{"line":170,"column":2},"end":{"line":170,"column":null}},"84":{"start":{"line":161,"column":0},"end":{"line":161,"column":7}}},"fnMap":{"0":{"name":"(anonymous_0)","decl":{"start":{"line":5,"column":8},"end":{"line":5,"column":22}},"loc":{"start":{"line":5,"column":8},"end":{"line":5,"column":24}}},"1":{"name":"(anonymous_1)","decl":{"start":{"line":5,"column":24},"end":{"line":5,"column":28}},"loc":{"start":{"line":5,"column":24},"end":{"line":5,"column":47}}},"2":{"name":"duration","decl":{"start":{"line":30,"column":16},"end":{"line":30,"column":24}},"loc":{"start":{"line":30,"column":83},"end":{"line":34,"column":1}}},"3":{"name":"templater","decl":{"start":{"line":54,"column":22},"end":{"line":54,"column":31}},"loc":{"start":{"line":54,"column":91},"end":{"line":61,"column":1}}},"4":{"name":"resolveExpression","decl":{"start":{"line":78,"column":22},"end":{"line":78,"column":39}},"loc":{"start":{"line":78,"column":69},"end":{"line":104,"column":1}}},"5":{"name":"saveValue","decl":{"start":{"line":106,"column":22},"end":{"line":106,"column":31}},"loc":{"start":{"line":106,"column":74},"end":{"line":141,"column":1}}},"6":{"name":"processPattern","decl":{"start":{"line":143,"column":22},"end":{"line":143,"column":36}},"loc":{"start":{"line":143,"column":105},"end":{"line":159,"column":1}}},"7":{"name":"runSequence","decl":{"start":{"line":161,"column":22},"end":{"line":161,"column":33}},"loc":{"start":{"line":161,"column":79},"end":{"line":172,"column":1}}}},"branchMap":{"0":{"loc":{"start":{"line":30,"column":53},"end":{"line":30,"column":69}},"type":"default-arg","locations":[{"start":{"line":30,"column":62},"end":{"line":30,"column":69}}]},"1":{"loc":{"start":{"line":30,"column":71},"end":{"line":30,"column":83}},"type":"default-arg","locations":[{"start":{"line":30,"column":76},"end":{"line":30,"column":83}}]},"2":{"loc":{"start":{"line":54,"column":57},"end":{"line":54,"column":66}},"type":"default-arg","locations":[{"start":{"line":54,"column":64},"end":{"line":54,"column":66}}]},"3":{"loc":{"start":{"line":78,"column":40},"end":{"line":78,"column":49}},"type":"default-arg","locations":[{"start":{"line":78,"column":47},"end":{"line":78,"column":49}}]},"4":{"loc":{"start":{"line":82,"column":1},"end":{"line":101,"column":null}},"type":"if","locations":[{"start":{"line":82,"column":1},"end":{"line":101,"column":null}},{"start":{"line":85,"column":8},"end":{"line":101,"column":null}}]},"5":{"loc":{"start":{"line":84,"column":18},"end":{"line":84,"column":42}},"type":"binary-expr","locations":[{"start":{"line":84,"column":18},"end":{"line":84,"column":32}},{"start":{"line":84,"column":36},"end":{"line":84,"column":42}}]},"6":{"loc":{"start":{"line":85,"column":8},"end":{"line":101,"column":null}},"type":"if","locations":[{"start":{"line":85,"column":8},"end":{"line":101,"column":null}},{"start":{"line":88,"column":8},"end":{"line":101,"column":null}}]},"7":{"loc":{"start":{"line":88,"column":8},"end":{"line":101,"column":null}},"type":"if","locations":[{"start":{"line":88,"column":8},"end":{"line":101,"column":null}}]},"8":{"loc":{"start":{"line":107,"column":1},"end":{"line":107,"column":null}},"type":"if","locations":[{"start":{"line":107,"column":1},"end":{"line":107,"column":null}}]},"9":{"loc":{"start":{"line":113,"column":1},"end":{"line":118,"column":null}},"type":"switch","locations":[{"start":{"line":114,"column":2},"end":{"line":115,"column":null}},{"start":{"line":116,"column":2},"end":{"line":117,"column":null}}]},"10":{"loc":{"start":{"line":122,"column":1},"end":{"line":137,"column":null}},"type":"switch","locations":[{"start":{"line":123,"column":2},"end":{"line":127,"column":8}},{"start":{"line":129,"column":2},"end":{"line":131,"column":8}},{"start":{"line":133,"column":2},"end":{"line":135,"column":8}}]},"11":{"loc":{"start":{"line":138,"column":1},"end":{"line":138,"column":35}},"type":"if","locations":[{"start":{"line":138,"column":1},"end":{"line":138,"column":35}}]},"12":{"loc":{"start":{"line":143,"column":96},"end":{"line":143,"column":105}},"type":"default-arg","locations":[{"start":{"line":143,"column":103},"end":{"line":143,"column":105}}]},"13":{"loc":{"start":{"line":161,"column":52},"end":{"line":161,"column":79}},"type":"default-arg","locations":[{"start":{"line":161,"column":77},"end":{"line":161,"column":79}}]},"14":{"loc":{"start":{"line":162,"column":8},"end":{"line":162,"column":17}},"type":"default-arg","locations":[{"start":{"line":162,"column":15},"end":{"line":162,"column":17}}]},"15":{"loc":{"start":{"line":167,"column":2},"end":{"line":169,"column":null}},"type":"if","locations":[{"start":{"line":167,"column":2},"end":{"line":169,"column":null}}]},"16":{"loc":{"start":{"line":168,"column":3},"end":{"line":169,"column":null}},"type":"if","locations":[{"start":{"line":168,"column":3},"end":{"line":169,"column":null}},{"start":{"line":169,"column":8},"end":{"line":169,"column":null}}]}},"s":{"0":5,"1":5,"2":5,"3":5,"4":5,"5":5,"6":5,"7":5,"8":5,"9":5,"10":5,"11":5,"12":5,"13":5,"14":5,"15":0,"16":0,"17":0,"18":5,"19":0,"20":0,"21":0,"22":0,"23":0,"24":5,"25":0,"26":0,"27":0,"28":0,"29":0,"30":0,"31":0,"32":0,"33":0,"34":0,"35":0,"36":0,"37":0,"38":0,"39":0,"40":0,"41":5,"42":0,"43":0,"44":0,"45":0,"46":0,"47":0,"48":0,"49":0,"50":0,"51":0,"52":0,"53":0,"54":0,"55":0,"56":0,"57":0,"58":0,"59":0,"60":0,"61":0,"62":0,"63":0,"64":0,"65":5,"66":0,"67":0,"68":0,"69":0,"70":0,"71":0,"72":0,"73":0,"74":5,"75":0,"76":0,"77":0,"78":0,"79":0,"80":0,"81":0,"82":0,"83":0,"84":5},"f":{"0":0,"1":0,"2":0,"3":0,"4":0,"5":0,"6":0,"7":0},"b":{"0":[0],"1":[0],"2":[0],"3":[0],"4":[0,0],"5":[0,0],"6":[0,0],"7":[0],"8":[0],"9":[0,0],"10":[0,0,0],"11":[0],"12":[0],"13":[0],"14":[0],"15":[0],"16":[0,0]}}
,"C:\\CODE\\obsidian-inputs\\src\\consts.ts": {"path":"C:\\CODE\\obsidian-inputs\\src\\consts.ts","statementMap":{"0":{"start":{"line":1,"column":13},"end":{"line":11,"column":null}},"1":{"start":{"line":11,"column":11},"end":{"line":11,"column":19}}},"fnMap":{"0":{"name":"(anonymous_0)","decl":{"start":{"line":11,"column":6},"end":{"line":11,"column":7}},"loc":{"start":{"line":11,"column":11},"end":{"line":11,"column":19}}}},"branchMap":{},"s":{"0":5,"1":45},"f":{"0":45},"b":{}}
,"C:\\CODE\\obsidian-inputs\\src\\data.headers.ts": {"path":"C:\\CODE\\obsidian-inputs\\src\\data.headers.ts","statementMap":{"0":{"start":{"line":1,"column":0},"end":{"line":1,"column":40}},"1":{"start":{"line":14,"column":48},"end":{"line":14,"column":54}},"2":{"start":{"line":15,"column":46},"end":{"line":15,"column":68}},"3":{"start":{"line":16,"column":15},"end":{"line":16,"column":110}},"4":{"start":{"line":16,"column":45},"end":{"line":16,"column":109}},"5":{"start":{"line":18,"column":1},"end":{"line":18,"column":49}},"6":{"start":{"line":18,"column":20},"end":{"line":18,"column":49}},"7":{"start":{"line":19,"column":1},"end":{"line":19,"column":62}},"8":{"start":{"line":19,"column":43},"end":{"line":19,"column":62}},"9":{"start":{"line":20,"column":1},"end":{"line":20,"column":72}},"10":{"start":{"line":20,"column":42},"end":{"line":20,"column":72}},"11":{"start":{"line":21,"column":1},"end":{"line":21,"column":57}},"12":{"start":{"line":21,"column":42},"end":{"line":21,"column":57}},"13":{"start":{"line":23,"column":18},"end":{"line":23,"column":41}},"14":{"start":{"line":24,"column":32},"end":{"line":27,"column":3}},"15":{"start":{"line":28,"column":1},"end":{"line":28,"column":64}},"16":{"start":{"line":28,"column":25},"end":{"line":28,"column":64}},"17":{"start":{"line":30,"column":23},"end":{"line":30,"column":83}},"18":{"start":{"line":31,"column":28},"end":{"line":31,"column":53}},"19":{"start":{"line":33,"column":1},"end":{"line":33,"column":null}},"20":{"start":{"line":33,"column":25},"end":{"line":33,"column":null}},"21":{"start":{"line":34,"column":1},"end":{"line":34,"column":null}},"22":{"start":{"line":34,"column":26},"end":{"line":34,"column":null}},"23":{"start":{"line":35,"column":1},"end":{"line":35,"column":null}},"24":{"start":{"line":35,"column":24},"end":{"line":35,"column":null}},"25":{"start":{"line":36,"column":1},"end":{"line":36,"column":null}},"26":{"start":{"line":36,"column":26},"end":{"line":36,"column":null}},"27":{"start":{"line":37,"column":1},"end":{"line":37,"column":null}},"28":{"start":{"line":37,"column":25},"end":{"line":37,"column":null}},"29":{"start":{"line":39,"column":18},"end":{"line":39,"column":105}},"30":{"start":{"line":41,"column":1},"end":{"line":41,"column":49}},"31":{"start":{"line":43,"column":1},"end":{"line":43,"column":null}},"32":{"start":{"line":13,"column":0},"end":{"line":13,"column":16}}},"fnMap":{"0":{"name":"quickHeader","decl":{"start":{"line":13,"column":16},"end":{"line":13,"column":27}},"loc":{"start":{"line":13,"column":73},"end":{"line":44,"column":1}}},"1":{"name":"(anonymous_1)","decl":{"start":{"line":16,"column":35},"end":{"line":16,"column":36}},"loc":{"start":{"line":16,"column":45},"end":{"line":16,"column":109}}}},"branchMap":{"0":{"loc":{"start":{"line":14,"column":18},"end":{"line":14,"column":35}},"type":"default-arg","locations":[{"start":{"line":14,"column":27},"end":{"line":14,"column":35}}]},"1":{"loc":{"start":{"line":15,"column":8},"end":{"line":15,"column":21}},"type":"default-arg","locations":[{"start":{"line":15,"column":19},"end":{"line":15,"column":21}}]},"2":{"loc":{"start":{"line":18,"column":1},"end":{"line":18,"column":49}},"type":"if","locations":[{"start":{"line":18,"column":1},"end":{"line":18,"column":49}}]},"3":{"loc":{"start":{"line":19,"column":1},"end":{"line":19,"column":62}},"type":"if","locations":[{"start":{"line":19,"column":1},"end":{"line":19,"column":62}}]},"4":{"loc":{"start":{"line":19,"column":5},"end":{"line":19,"column":41}},"type":"binary-expr","locations":[{"start":{"line":19,"column":5},"end":{"line":19,"column":18}},{"start":{"line":19,"column":22},"end":{"line":19,"column":41}}]},"5":{"loc":{"start":{"line":20,"column":1},"end":{"line":20,"column":72}},"type":"if","locations":[{"start":{"line":20,"column":1},"end":{"line":20,"column":72}}]},"6":{"loc":{"start":{"line":20,"column":5},"end":{"line":20,"column":40}},"type":"binary-expr","locations":[{"start":{"line":20,"column":5},"end":{"line":20,"column":18}},{"start":{"line":20,"column":22},"end":{"line":20,"column":40}}]},"7":{"loc":{"start":{"line":21,"column":1},"end":{"line":21,"column":57}},"type":"if","locations":[{"start":{"line":21,"column":1},"end":{"line":21,"column":57}}]},"8":{"loc":{"start":{"line":21,"column":5},"end":{"line":21,"column":40}},"type":"binary-expr","locations":[{"start":{"line":21,"column":5},"end":{"line":21,"column":18}},{"start":{"line":21,"column":22},"end":{"line":21,"column":40}}]},"9":{"loc":{"start":{"line":25,"column":3},"end":{"line":25,"column":66}},"type":"binary-expr","locations":[{"start":{"line":25,"column":3},"end":{"line":25,"column":25}},{"start":{"line":25,"column":29},"end":{"line":25,"column":60}},{"start":{"line":25,"column":64},"end":{"line":25,"column":66}}]},"10":{"loc":{"start":{"line":26,"column":3},"end":{"line":26,"column":49}},"type":"binary-expr","locations":[{"start":{"line":26,"column":3},"end":{"line":26,"column":31}},{"start":{"line":26,"column":35},"end":{"line":26,"column":49}}]},"11":{"loc":{"start":{"line":28,"column":1},"end":{"line":28,"column":64}},"type":"if","locations":[{"start":{"line":28,"column":1},"end":{"line":28,"column":64}}]},"12":{"loc":{"start":{"line":33,"column":1},"end":{"line":33,"column":null}},"type":"if","locations":[{"start":{"line":33,"column":1},"end":{"line":33,"column":null}}]},"13":{"loc":{"start":{"line":34,"column":1},"end":{"line":34,"column":null}},"type":"if","locations":[{"start":{"line":34,"column":1},"end":{"line":34,"column":null}}]},"14":{"loc":{"start":{"line":35,"column":1},"end":{"line":35,"column":null}},"type":"if","locations":[{"start":{"line":35,"column":1},"end":{"line":35,"column":null}}]},"15":{"loc":{"start":{"line":36,"column":1},"end":{"line":36,"column":null}},"type":"if","locations":[{"start":{"line":36,"column":1},"end":{"line":36,"column":null}}]},"16":{"loc":{"start":{"line":37,"column":1},"end":{"line":37,"column":null}},"type":"if","locations":[{"start":{"line":37,"column":1},"end":{"line":37,"column":null}}]}},"s":{"0":5,"1":0,"2":0,"3":0,"4":0,"5":0,"6":0,"7":0,"8":0,"9":0,"10":0,"11":0,"12":0,"13":0,"14":0,"15":0,"16":0,"17":0,"18":0,"19":0,"20":0,"21":0,"22":0,"23":0,"24":0,"25":0,"26":0,"27":0,"28":0,"29":0,"30":0,"31":0,"32":5},"f":{"0":0,"1":0},"b":{"0":[0],"1":[0],"2":[0],"3":[0],"4":[0,0],"5":[0],"6":[0,0],"7":[0],"8":[0,0],"9":[0,0,0],"10":[0,0],"11":[0],"12":[0],"13":[0],"14":[0],"15":[0],"16":[0]}}
,"C:\\CODE\\obsidian-inputs\\src\\data.inlineFields.ts": {"path":"C:\\CODE\\obsidian-inputs\\src\\data.inlineFields.ts","statementMap":{"0":{"start":{"line":2,"column":0},"end":{"line":2,"column":38}},"1":{"start":{"line":6,"column":11},"end":{"line":6,"column":16}},"2":{"start":{"line":6,"column":28},"end":{"line":6,"column":37}},"3":{"start":{"line":8,"column":20},"end":{"line":8,"column":62}},"4":{"start":{"line":9,"column":18},"end":{"line":13,"column":null}},"5":{"start":{"line":14,"column":31},"end":{"line":14,"column":33}},"6":{"start":{"line":16,"column":1},"end":{"line":42,"column":null}},"7":{"start":{"line":17,"column":2},"end":{"line":41,"column":null}},"8":{"start":{"line":18,"column":19},"end":{"line":18,"column":52}},"9":{"start":{"line":19,"column":17},"end":{"line":19,"column":29}},"10":{"start":{"line":20,"column":34},"end":{"line":20,"column":63}},"11":{"start":{"line":21,"column":20},"end":{"line":21,"column":57}},"12":{"start":{"line":22,"column":20},"end":{"line":22,"column":60}},"13":{"start":{"line":23,"column":40},"end":{"line":23,"column":62}},"14":{"start":{"line":24,"column":22},"end":{"line":24,"column":61}},"15":{"start":{"line":24,"column":52},"end":{"line":24,"column":60}},"16":{"start":{"line":25,"column":21},"end":{"line":25,"column":62}},"17":{"start":{"line":27,"column":18},"end":{"line":27,"column":66}},"18":{"start":{"line":28,"column":13},"end":{"line":28,"column":38}},"19":{"start":{"line":29,"column":17},"end":{"line":29,"column":27}},"20":{"start":{"line":30,"column":15},"end":{"line":30,"column":44}},"21":{"start":{"line":31,"column":3},"end":{"line":39,"column":null}},"22":{"start":{"line":40,"column":3},"end":{"line":40,"column":null}},"23":{"start":{"line":48,"column":1},"end":{"line":48,"column":null}},"24":{"start":{"line":48,"column":32},"end":{"line":48,"column":59}},"25":{"start":{"line":4,"column":0},"end":{"line":4,"column":16}},"26":{"start":{"line":52,"column":1},"end":{"line":52,"column":null}},"27":{"start":{"line":52,"column":27},"end":{"line":52,"column":null}},"28":{"start":{"line":53,"column":1},"end":{"line":53,"column":null}},"29":{"start":{"line":53,"column":30},"end":{"line":53,"column":null}},"30":{"start":{"line":55,"column":20},"end":{"line":55,"column":46}},"31":{"start":{"line":57,"column":25},"end":{"line":65,"column":8}},"32":{"start":{"line":58,"column":15},"end":{"line":58,"column":33}},"33":{"start":{"line":59,"column":2},"end":{"line":62,"column":null}},"34":{"start":{"line":64,"column":20},"end":{"line":64,"column":33}},"35":{"start":{"line":67,"column":1},"end":{"line":67,"column":null}},"36":{"start":{"line":51,"column":0},"end":{"line":51,"column":16}}},"fnMap":{"0":{"name":"getInlineFields","decl":{"start":{"line":4,"column":16},"end":{"line":4,"column":31}},"loc":{"start":{"line":4,"column":61},"end":{"line":49,"column":1}}},"1":{"name":"(anonymous_1)","decl":{"start":{"line":17,"column":53},"end":{"line":17,"column":54}},"loc":{"start":{"line":17,"column":66},"end":{"line":41,"column":3}}},"2":{"name":"(anonymous_2)","decl":{"start":{"line":24,"column":47},"end":{"line":24,"column":48}},"loc":{"start":{"line":24,"column":52},"end":{"line":24,"column":60}}},"3":{"name":"(anonymous_3)","decl":{"start":{"line":48,"column":20},"end":{"line":48,"column":21}},"loc":{"start":{"line":48,"column":32},"end":{"line":48,"column":59}}},"4":{"name":"getClosesInlineFieldToPattern","decl":{"start":{"line":51,"column":16},"end":{"line":51,"column":45}},"loc":{"start":{"line":51,"column":89},"end":{"line":68,"column":1}}},"5":{"name":"(anonymous_5)","decl":{"start":{"line":57,"column":42},"end":{"line":57,"column":43}},"loc":{"start":{"line":57,"column":58},"end":{"line":64,"column":2}}},"6":{"name":"(anonymous_6)","decl":{"start":{"line":64,"column":9},"end":{"line":64,"column":10}},"loc":{"start":{"line":64,"column":20},"end":{"line":64,"column":33}}}},"branchMap":{"0":{"loc":{"start":{"line":10,"column":26},"end":{"line":10,"column":36}},"type":"binary-expr","locations":[{"start":{"line":10,"column":26},"end":{"line":10,"column":29}},{"start":{"line":10,"column":33},"end":{"line":10,"column":36}}]},"1":{"loc":{"start":{"line":11,"column":26},"end":{"line":11,"column":36}},"type":"binary-expr","locations":[{"start":{"line":11,"column":26},"end":{"line":11,"column":29}},{"start":{"line":11,"column":33},"end":{"line":11,"column":36}}]},"2":{"loc":{"start":{"line":12,"column":19},"end":{"line":12,"column":32}},"type":"binary-expr","locations":[{"start":{"line":12,"column":19},"end":{"line":12,"column":22}},{"start":{"line":12,"column":25},"end":{"line":12,"column":32}}]},"3":{"loc":{"start":{"line":23,"column":8},"end":{"line":23,"column":20}},"type":"default-arg","locations":[{"start":{"line":23,"column":18},"end":{"line":23,"column":20}}]},"4":{"loc":{"start":{"line":23,"column":22},"end":{"line":23,"column":36}},"type":"default-arg","locations":[{"start":{"line":23,"column":34},"end":{"line":23,"column":36}}]},"5":{"loc":{"start":{"line":52,"column":1},"end":{"line":52,"column":null}},"type":"if","locations":[{"start":{"line":52,"column":1},"end":{"line":52,"column":null}}]},"6":{"loc":{"start":{"line":53,"column":1},"end":{"line":53,"column":null}},"type":"if","locations":[{"start":{"line":53,"column":1},"end":{"line":53,"column":null}}]},"7":{"loc":{"start":{"line":60,"column":17},"end":{"line":60,"column":73}},"type":"cond-expr","locations":[{"start":{"line":60,"column":38},"end":{"line":60,"column":54}},{"start":{"line":60,"column":57},"end":{"line":60,"column":73}}]}},"s":{"0":5,"1":5,"2":5,"3":5,"4":5,"5":5,"6":5,"7":15,"8":9,"9":9,"10":9,"11":9,"12":9,"13":9,"14":9,"15":18,"16":9,"17":9,"18":9,"19":9,"20":9,"21":9,"22":9,"23":5,"24":6,"25":5,"26":0,"27":0,"28":0,"29":0,"30":0,"31":0,"32":0,"33":0,"34":0,"35":0,"36":5},"f":{"0":5,"1":9,"2":18,"3":6,"4":0,"5":0,"6":0},"b":{"0":[5,5],"1":[5,5],"2":[5,5],"3":[0],"4":[0],"5":[0],"6":[0],"7":[0,0]}}
,"C:\\CODE\\obsidian-inputs\\src\\data.ts": {"path":"C:\\CODE\\obsidian-inputs\\src\\data.ts","statementMap":{"0":{"start":{"line":4,"column":0},"end":{"line":4,"column":67}},"1":{"start":{"line":5,"column":0},"end":{"line":5,"column":39}},"2":{"start":{"line":6,"column":0},"end":{"line":6,"column":52}},"3":{"start":{"line":12,"column":12},"end":{"line":12,"column":26}},"4":{"start":{"line":15,"column":22},"end":{"line":15,"column":24}},"5":{"start":{"line":16,"column":1},"end":{"line":16,"column":null}},"6":{"start":{"line":16,"column":31},"end":{"line":16,"column":null}},"7":{"start":{"line":17,"column":1},"end":{"line":17,"column":null}},"8":{"start":{"line":17,"column":33},"end":{"line":17,"column":null}},"9":{"start":{"line":18,"column":13},"end":{"line":18,"column":27}},"10":{"start":{"line":19,"column":1},"end":{"line":19,"column":null}},"11":{"start":{"line":19,"column":13},"end":{"line":19,"column":null}},"12":{"start":{"line":20,"column":54},"end":{"line":20,"column":77}},"13":{"start":{"line":21,"column":1},"end":{"line":21,"column":null}},"14":{"start":{"line":22,"column":1},"end":{"line":22,"column":null}},"15":{"start":{"line":22,"column":26},"end":{"line":22,"column":null}},"16":{"start":{"line":23,"column":1},"end":{"line":23,"column":null}},"17":{"start":{"line":23,"column":25},"end":{"line":23,"column":null}},"18":{"start":{"line":24,"column":1},"end":{"line":24,"column":null}},"19":{"start":{"line":14,"column":0},"end":{"line":14,"column":16}},"20":{"start":{"line":28,"column":12},"end":{"line":28,"column":26}},"21":{"start":{"line":29,"column":1},"end":{"line":29,"column":null}},"22":{"start":{"line":29,"column":12},"end":{"line":29,"column":null}},"23":{"start":{"line":30,"column":13},"end":{"line":30,"column":49}},"24":{"start":{"line":31,"column":1},"end":{"line":31,"column":null}},"25":{"start":{"line":31,"column":13},"end":{"line":31,"column":null}},"26":{"start":{"line":32,"column":1},"end":{"line":32,"column":null}},"27":{"start":{"line":27,"column":0},"end":{"line":27,"column":16}},"28":{"start":{"line":37,"column":12},"end":{"line":37,"column":14}},"29":{"start":{"line":38,"column":1},"end":{"line":43,"column":21}},"30":{"start":{"line":39,"column":2},"end":{"line":39,"column":null}},"31":{"start":{"line":40,"column":2},"end":{"line":40,"column":null}},"32":{"start":{"line":40,"column":19},"end":{"line":40,"column":null}},"33":{"start":{"line":41,"column":13},"end":{"line":41,"column":36}},"34":{"start":{"line":42,"column":2},"end":{"line":42,"column":null}},"35":{"start":{"line":44,"column":1},"end":{"line":44,"column":null}},"36":{"start":{"line":36,"column":0},"end":{"line":36,"column":7}},"37":{"start":{"line":48,"column":13},"end":{"line":48,"column":33}},"38":{"start":{"line":49,"column":13},"end":{"line":49,"column":48}},"39":{"start":{"line":50,"column":1},"end":{"line":50,"column":55}},"40":{"start":{"line":50,"column":13},"end":{"line":50,"column":55}},"41":{"start":{"line":52,"column":17},"end":{"line":52,"column":50}},"42":{"start":{"line":53,"column":22},"end":{"line":53,"column":46}},"43":{"start":{"line":55,"column":30},"end":{"line":56,"column":null}},"44":{"start":{"line":56,"column":18},"end":{"line":56,"column":49}},"45":{"start":{"line":58,"column":1},"end":{"line":58,"column":null}},"46":{"start":{"line":59,"column":1},"end":{"line":59,"column":null}},"47":{"start":{"line":60,"column":1},"end":{"line":60,"column":null}},"48":{"start":{"line":61,"column":1},"end":{"line":61,"column":null}},"49":{"start":{"line":47,"column":0},"end":{"line":47,"column":7}}},"fnMap":{"0":{"name":"getFileData","decl":{"start":{"line":14,"column":16},"end":{"line":14,"column":27}},"loc":{"start":{"line":14,"column":91},"end":{"line":25,"column":1}}},"1":{"name":"getFileStructure","decl":{"start":{"line":27,"column":16},"end":{"line":27,"column":32}},"loc":{"start":{"line":27,"column":50},"end":{"line":33,"column":1}}},"2":{"name":"waitFileStructureReady","decl":{"start":{"line":36,"column":22},"end":{"line":36,"column":44}},"loc":{"start":{"line":36,"column":57},"end":{"line":45,"column":1}}},"3":{"name":"refreshFileStructure","decl":{"start":{"line":47,"column":22},"end":{"line":47,"column":42}},"loc":{"start":{"line":47,"column":66},"end":{"line":62,"column":1}}},"4":{"name":"(anonymous_4)","decl":{"start":{"line":56,"column":2},"end":{"line":56,"column":3}},"loc":{"start":{"line":56,"column":18},"end":{"line":56,"column":49}}}},"branchMap":{"0":{"loc":{"start":{"line":14,"column":47},"end":{"line":14,"column":61}},"type":"default-arg","locations":[{"start":{"line":14,"column":59},"end":{"line":14,"column":61}}]},"1":{"loc":{"start":{"line":14,"column":63},"end":{"line":14,"column":91}},"type":"default-arg","locations":[{"start":{"line":14,"column":84},"end":{"line":14,"column":91}}]},"2":{"loc":{"start":{"line":19,"column":1},"end":{"line":19,"column":null}},"type":"if","locations":[{"start":{"line":19,"column":1},"end":{"line":19,"column":null}}]},"3":{"loc":{"start":{"line":20,"column":8},"end":{"line":20,"column":24}},"type":"default-arg","locations":[{"start":{"line":20,"column":22},"end":{"line":20,"column":24}}]},"4":{"loc":{"start":{"line":20,"column":26},"end":{"line":20,"column":43}},"type":"default-arg","locations":[{"start":{"line":20,"column":41},"end":{"line":20,"column":43}}]},"5":{"loc":{"start":{"line":22,"column":1},"end":{"line":22,"column":null}},"type":"if","locations":[{"start":{"line":22,"column":1},"end":{"line":22,"column":null}}]},"6":{"loc":{"start":{"line":23,"column":1},"end":{"line":23,"column":null}},"type":"if","locations":[{"start":{"line":23,"column":1},"end":{"line":23,"column":null}}]},"7":{"loc":{"start":{"line":29,"column":1},"end":{"line":29,"column":null}},"type":"if","locations":[{"start":{"line":29,"column":1},"end":{"line":29,"column":null}}]},"8":{"loc":{"start":{"line":31,"column":1},"end":{"line":31,"column":null}},"type":"if","locations":[{"start":{"line":31,"column":1},"end":{"line":31,"column":null}}]},"9":{"loc":{"start":{"line":40,"column":2},"end":{"line":40,"column":null}},"type":"if","locations":[{"start":{"line":40,"column":2},"end":{"line":40,"column":null}}]},"10":{"loc":{"start":{"line":50,"column":1},"end":{"line":50,"column":55}},"type":"if","locations":[{"start":{"line":50,"column":1},"end":{"line":50,"column":55}}]}},"s":{"0":4,"1":4,"2":4,"3":4,"4":0,"5":0,"6":0,"7":0,"8":0,"9":0,"10":0,"11":0,"12":0,"13":0,"14":0,"15":0,"16":0,"17":0,"18":0,"19":4,"20":0,"21":0,"22":0,"23":0,"24":0,"25":0,"26":0,"27":4,"28":0,"29":0,"30":0,"31":0,"32":0,"33":0,"34":0,"35":0,"36":4,"37":0,"38":0,"39":0,"40":0,"41":0,"42":0,"43":0,"44":0,"45":0,"46":0,"47":0,"48":0,"49":4},"f":{"0":0,"1":0,"2":0,"3":0,"4":0},"b":{"0":[0],"1":[0],"2":[0],"3":[0],"4":[0],"5":[0],"6":[0],"7":[0],"8":[0],"9":[0],"10":[0]}}
,"C:\\CODE\\obsidian-inputs\\src\\files.ts": {"path":"C:\\CODE\\obsidian-inputs\\src\\files.ts","statementMap":{"0":{"start":{"line":2,"column":0},"end":{"line":2,"column":31}},"1":{"start":{"line":3,"column":0},"end":{"line":3,"column":67}},"2":{"start":{"line":5,"column":0},"end":{"line":5,"column":64}},"3":{"start":{"line":7,"column":10},"end":{"line":7,"column":24}},"4":{"start":{"line":9,"column":13},"end":{"line":9,"column":null}},"5":{"start":{"line":10,"column":13},"end":{"line":10,"column":null}},"6":{"start":{"line":13,"column":13},"end":{"line":13,"column":27}},"7":{"start":{"line":14,"column":1},"end":{"line":14,"column":null}},"8":{"start":{"line":12,"column":0},"end":{"line":12,"column":7}},"9":{"start":{"line":18,"column":1},"end":{"line":18,"column":45}},"10":{"start":{"line":18,"column":28},"end":{"line":18,"column":45}},"11":{"start":{"line":19,"column":1},"end":{"line":19,"column":null}},"12":{"start":{"line":19,"column":51},"end":{"line":19,"column":null}},"13":{"start":{"line":21,"column":1},"end":{"line":24,"column":null}},"14":{"start":{"line":23,"column":2},"end":{"line":23,"column":null}},"15":{"start":{"line":25,"column":27},"end":{"line":25,"column":72}},"16":{"start":{"line":27,"column":13},"end":{"line":27,"column":14}},"17":{"start":{"line":28,"column":1},"end":{"line":34,"column":15}},"18":{"start":{"line":29,"column":2},"end":{"line":29,"column":null}},"19":{"start":{"line":30,"column":2},"end":{"line":30,"column":null}},"20":{"start":{"line":31,"column":2},"end":{"line":31,"column":null}},"21":{"start":{"line":33,"column":13},"end":{"line":33,"column":46}},"22":{"start":{"line":35,"column":1},"end":{"line":35,"column":null}},"23":{"start":{"line":17,"column":0},"end":{"line":17,"column":16}},"24":{"start":{"line":39,"column":19},"end":{"line":39,"column":34}},"25":{"start":{"line":40,"column":23},"end":{"line":40,"column":42}},"26":{"start":{"line":43,"column":1},"end":{"line":43,"column":46}},"27":{"start":{"line":43,"column":30},"end":{"line":43,"column":46}},"28":{"start":{"line":44,"column":1},"end":{"line":47,"column":null}},"29":{"start":{"line":45,"column":2},"end":{"line":45,"column":24}},"30":{"start":{"line":46,"column":2},"end":{"line":46,"column":null}},"31":{"start":{"line":49,"column":1},"end":{"line":52,"column":null}},"32":{"start":{"line":50,"column":2},"end":{"line":51,"column":46}},"33":{"start":{"line":50,"column":21},"end":{"line":50,"column":37}},"34":{"start":{"line":51,"column":7},"end":{"line":51,"column":46}},"35":{"start":{"line":51,"column":25},"end":{"line":51,"column":46}},"36":{"start":{"line":54,"column":1},"end":{"line":54,"column":28}},"37":{"start":{"line":38,"column":0},"end":{"line":38,"column":16}},"38":{"start":{"line":60,"column":14},"end":{"line":60,"column":37}},"39":{"start":{"line":61,"column":1},"end":{"line":61,"column":null}},"40":{"start":{"line":61,"column":13},"end":{"line":61,"column":null}},"41":{"start":{"line":59,"column":0},"end":{"line":59,"column":16}},"42":{"start":{"line":65,"column":13},"end":{"line":65,"column":27}},"43":{"start":{"line":66,"column":1},"end":{"line":66,"column":19}},"44":{"start":{"line":66,"column":13},"end":{"line":66,"column":19}},"45":{"start":{"line":67,"column":1},"end":{"line":67,"column":null}},"46":{"start":{"line":68,"column":20},"end":{"line":68,"column":30}},"47":{"start":{"line":69,"column":1},"end":{"line":69,"column":null}},"48":{"start":{"line":70,"column":1},"end":{"line":70,"column":null}},"49":{"start":{"line":64,"column":0},"end":{"line":64,"column":7}},"50":{"start":{"line":74,"column":13},"end":{"line":74,"column":27}},"51":{"start":{"line":75,"column":1},"end":{"line":75,"column":19}},"52":{"start":{"line":75,"column":13},"end":{"line":75,"column":19}},"53":{"start":{"line":76,"column":1},"end":{"line":76,"column":null}},"54":{"start":{"line":73,"column":0},"end":{"line":73,"column":7}},"55":{"start":{"line":79,"column":1},"end":{"line":79,"column":null}},"56":{"start":{"line":79,"column":51},"end":{"line":79,"column":null}},"57":{"start":{"line":80,"column":1},"end":{"line":80,"column":null}},"58":{"start":{"line":80,"column":30},"end":{"line":80,"column":null}},"59":{"start":{"line":81,"column":1},"end":{"line":81,"column":null}},"60":{"start":{"line":78,"column":0},"end":{"line":78,"column":16}},"61":{"start":{"line":85,"column":13},"end":{"line":85,"column":33}},"62":{"start":{"line":86,"column":1},"end":{"line":86,"column":null}},"63":{"start":{"line":87,"column":1},"end":{"line":87,"column":null}},"64":{"start":{"line":88,"column":1},"end":{"line":88,"column":null}},"65":{"start":{"line":89,"column":1},"end":{"line":89,"column":null}},"66":{"start":{"line":84,"column":0},"end":{"line":84,"column":7}},"67":{"start":{"line":93,"column":1},"end":{"line":93,"column":49}},"68":{"start":{"line":93,"column":28},"end":{"line":93,"column":49}},"69":{"start":{"line":94,"column":1},"end":{"line":94,"column":null}},"70":{"start":{"line":95,"column":1},"end":{"line":95,"column":null}},"71":{"start":{"line":95,"column":36},"end":{"line":95,"column":null}},"72":{"start":{"line":96,"column":19},"end":{"line":96,"column":92}},"73":{"start":{"line":97,"column":1},"end":{"line":97,"column":null}},"74":{"start":{"line":92,"column":0},"end":{"line":92,"column":16}},"75":{"start":{"line":101,"column":13},"end":{"line":101,"column":27}},"76":{"start":{"line":102,"column":1},"end":{"line":102,"column":null}},"77":{"start":{"line":102,"column":12},"end":{"line":102,"column":null}},"78":{"start":{"line":104,"column":1},"end":{"line":104,"column":null}},"79":{"start":{"line":100,"column":0},"end":{"line":100,"column":7}},"80":{"start":{"line":108,"column":16},"end":{"line":108,"column":37}},"81":{"start":{"line":109,"column":15},"end":{"line":109,"column":53}},"82":{"start":{"line":110,"column":1},"end":{"line":110,"column":null}},"83":{"start":{"line":110,"column":50},"end":{"line":110,"column":51}},"84":{"start":{"line":111,"column":15},"end":{"line":111,"column":64}},"85":{"start":{"line":112,"column":1},"end":{"line":112,"column":null}},"86":{"start":{"line":113,"column":1},"end":{"line":113,"column":null}},"87":{"start":{"line":114,"column":1},"end":{"line":114,"column":null}},"88":{"start":{"line":115,"column":1},"end":{"line":115,"column":null}},"89":{"start":{"line":107,"column":0},"end":{"line":107,"column":7}}},"fnMap":{"0":{"name":"getTFileContent","decl":{"start":{"line":12,"column":22},"end":{"line":12,"column":37}},"loc":{"start":{"line":12,"column":54},"end":{"line":15,"column":1}}},"1":{"name":"getFreeFileName","decl":{"start":{"line":17,"column":16},"end":{"line":17,"column":31}},"loc":{"start":{"line":17,"column":71},"end":{"line":36,"column":1}}},"2":{"name":"joinPaths","decl":{"start":{"line":38,"column":16},"end":{"line":38,"column":25}},"loc":{"start":{"line":38,"column":56},"end":{"line":55,"column":1}}},"3":{"name":"markFileAsDirty","decl":{"start":{"line":59,"column":16},"end":{"line":59,"column":31}},"loc":{"start":{"line":59,"column":44},"end":{"line":62,"column":1}}},"4":{"name":"renameFile","decl":{"start":{"line":64,"column":22},"end":{"line":64,"column":32}},"loc":{"start":{"line":64,"column":70},"end":{"line":71,"column":1}}},"5":{"name":"removeFile","decl":{"start":{"line":73,"column":22},"end":{"line":73,"column":32}},"loc":{"start":{"line":73,"column":49},"end":{"line":77,"column":1}}},"6":{"name":"isFileNotation","decl":{"start":{"line":78,"column":16},"end":{"line":78,"column":30}},"loc":{"start":{"line":78,"column":43},"end":{"line":82,"column":1}}},"7":{"name":"modifyFileContent","decl":{"start":{"line":84,"column":22},"end":{"line":84,"column":39}},"loc":{"start":{"line":84,"column":73},"end":{"line":90,"column":1}}},"8":{"name":"getTFile","decl":{"start":{"line":92,"column":16},"end":{"line":92,"column":24}},"loc":{"start":{"line":92,"column":42},"end":{"line":98,"column":1}}},"9":{"name":"letTFile","decl":{"start":{"line":100,"column":22},"end":{"line":100,"column":30}},"loc":{"start":{"line":100,"column":48},"end":{"line":105,"column":1}}},"10":{"name":"createTFile","decl":{"start":{"line":107,"column":22},"end":{"line":107,"column":33}},"loc":{"start":{"line":107,"column":72},"end":{"line":116,"column":1}}},"11":{"name":"(anonymous_11)","decl":{"start":{"line":110,"column":45},"end":{"line":110,"column":46}},"loc":{"start":{"line":110,"column":50},"end":{"line":110,"column":51}}}},"branchMap":{"0":{"loc":{"start":{"line":17,"column":50},"end":{"line":17,"column":71}},"type":"default-arg","locations":[{"start":{"line":17,"column":69},"end":{"line":17,"column":71}}]},"1":{"loc":{"start":{"line":18,"column":1},"end":{"line":18,"column":45}},"type":"if","locations":[{"start":{"line":18,"column":1},"end":{"line":18,"column":45}}]},"2":{"loc":{"start":{"line":19,"column":1},"end":{"line":19,"column":null}},"type":"if","locations":[{"start":{"line":19,"column":1},"end":{"line":19,"column":null}}]},"3":{"loc":{"start":{"line":19,"column":5},"end":{"line":19,"column":49}},"type":"binary-expr","locations":[{"start":{"line":19,"column":5},"end":{"line":19,"column":26}},{"start":{"line":19,"column":30},"end":{"line":19,"column":49}}]},"4":{"loc":{"start":{"line":21,"column":1},"end":{"line":24,"column":null}},"type":"if","locations":[{"start":{"line":21,"column":1},"end":{"line":24,"column":null}}]},"5":{"loc":{"start":{"line":29,"column":13},"end":{"line":29,"column":54}},"type":"cond-expr","locations":[{"start":{"line":29,"column":21},"end":{"line":29,"column":43}},{"start":{"line":29,"column":46},"end":{"line":29,"column":54}}]},"6":{"loc":{"start":{"line":30,"column":15},"end":{"line":30,"column":27}},"type":"binary-expr","locations":[{"start":{"line":30,"column":15},"end":{"line":30,"column":18}},{"start":{"line":30,"column":22},"end":{"line":30,"column":27}}]},"7":{"loc":{"start":{"line":43,"column":1},"end":{"line":43,"column":46}},"type":"if","locations":[{"start":{"line":43,"column":1},"end":{"line":43,"column":46}}]},"8":{"loc":{"start":{"line":44,"column":1},"end":{"line":47,"column":null}},"type":"if","locations":[{"start":{"line":44,"column":1},"end":{"line":47,"column":null}}]},"9":{"loc":{"start":{"line":50,"column":2},"end":{"line":51,"column":46}},"type":"if","locations":[{"start":{"line":50,"column":2},"end":{"line":51,"column":46}},{"start":{"line":51,"column":7},"end":{"line":51,"column":46}}]},"10":{"loc":{"start":{"line":51,"column":7},"end":{"line":51,"column":46}},"type":"if","locations":[{"start":{"line":51,"column":7},"end":{"line":51,"column":46}}]},"11":{"loc":{"start":{"line":61,"column":1},"end":{"line":61,"column":null}},"type":"if","locations":[{"start":{"line":61,"column":1},"end":{"line":61,"column":null}}]},"12":{"loc":{"start":{"line":66,"column":1},"end":{"line":66,"column":19}},"type":"if","locations":[{"start":{"line":66,"column":1},"end":{"line":66,"column":19}}]},"13":{"loc":{"start":{"line":75,"column":1},"end":{"line":75,"column":19}},"type":"if","locations":[{"start":{"line":75,"column":1},"end":{"line":75,"column":19}}]},"14":{"loc":{"start":{"line":79,"column":1},"end":{"line":79,"column":null}},"type":"if","locations":[{"start":{"line":79,"column":1},"end":{"line":79,"column":null}}]},"15":{"loc":{"start":{"line":79,"column":5},"end":{"line":79,"column":49}},"type":"binary-expr","locations":[{"start":{"line":79,"column":5},"end":{"line":79,"column":26}},{"start":{"line":79,"column":30},"end":{"line":79,"column":49}}]},"16":{"loc":{"start":{"line":80,"column":1},"end":{"line":80,"column":null}},"type":"if","locations":[{"start":{"line":80,"column":1},"end":{"line":80,"column":null}}]},"17":{"loc":{"start":{"line":93,"column":1},"end":{"line":93,"column":49}},"type":"if","locations":[{"start":{"line":93,"column":1},"end":{"line":93,"column":49}}]},"18":{"loc":{"start":{"line":94,"column":9},"end":{"line":94,"column":19}},"type":"binary-expr","locations":[{"start":{"line":94,"column":9},"end":{"line":94,"column":13}},{"start":{"line":94,"column":17},"end":{"line":94,"column":19}}]},"19":{"loc":{"start":{"line":95,"column":1},"end":{"line":95,"column":null}},"type":"if","locations":[{"start":{"line":95,"column":1},"end":{"line":95,"column":null}}]},"20":{"loc":{"start":{"line":95,"column":5},"end":{"line":95,"column":34}},"type":"binary-expr","locations":[{"start":{"line":95,"column":5},"end":{"line":95,"column":10}},{"start":{"line":95,"column":14},"end":{"line":95,"column":34}}]},"21":{"loc":{"start":{"line":96,"column":19},"end":{"line":96,"column":92}},"type":"cond-expr","locations":[{"start":{"line":96,"column":68},"end":{"line":96,"column":85}},{"start":{"line":96,"column":88},"end":{"line":96,"column":92}}]},"22":{"loc":{"start":{"line":96,"column":20},"end":{"line":96,"column":64}},"type":"binary-expr","locations":[{"start":{"line":96,"column":20},"end":{"line":96,"column":41}},{"start":{"line":96,"column":45},"end":{"line":96,"column":64}}]},"23":{"loc":{"start":{"line":102,"column":1},"end":{"line":102,"column":null}},"type":"if","locations":[{"start":{"line":102,"column":1},"end":{"line":102,"column":null}}]},"24":{"loc":{"start":{"line":107,"column":52},"end":{"line":107,"column":72}},"type":"default-arg","locations":[{"start":{"line":107,"column":70},"end":{"line":107,"column":72}}]}},"s":{"0":5,"1":5,"2":5,"3":5,"4":5,"5":5,"6":0,"7":0,"8":5,"9":0,"10":0,"11":0,"12":0,"13":0,"14":0,"15":0,"16":0,"17":0,"18":0,"19":0,"20":0,"21":0,"22":0,"23":5,"24":0,"25":0,"26":0,"27":0,"28":0,"29":0,"30":0,"31":0,"32":0,"33":0,"34":0,"35":0,"36":0,"37":5,"38":0,"39":0,"40":0,"41":5,"42":0,"43":0,"44":0,"45":0,"46":0,"47":0,"48":0,"49":5,"50":0,"51":0,"52":0,"53":0,"54":5,"55":2,"56":0,"57":2,"58":2,"59":0,"60":5,"61":0,"62":0,"63":0,"64":0,"65":0,"66":5,"67":0,"68":0,"69":0,"70":0,"71":0,"72":0,"73":0,"74":5,"75":0,"76":0,"77":0,"78":0,"79":5,"80":0,"81":0,"82":0,"83":0,"84":0,"85":0,"86":0,"87":0,"88":0,"89":5},"f":{"0":0,"1":0,"2":0,"3":0,"4":0,"5":0,"6":2,"7":0,"8":0,"9":0,"10":0,"11":0},"b":{"0":[0],"1":[0],"2":[0],"3":[0,0],"4":[0],"5":[0,0],"6":[0,0],"7":[0],"8":[0],"9":[0,0],"10":[0],"11":[0],"12":[0],"13":[0],"14":[0],"15":[2,0],"16":[2],"17":[0],"18":[0,0],"19":[0],"20":[0,0],"21":[0,0],"22":[0,0],"23":[0],"24":[0]}}
,"C:\\CODE\\obsidian-inputs\\src\\internalApi.ts": {"path":"C:\\CODE\\obsidian-inputs\\src\\internalApi.ts","statementMap":{"0":{"start":{"line":2,"column":0},"end":{"line":2,"column":36}},"1":{"start":{"line":3,"column":0},"end":{"line":3,"column":71}},"2":{"start":{"line":5,"column":0},"end":{"line":5,"column":33}},"3":{"start":{"line":6,"column":0},"end":{"line":6,"column":37}},"4":{"start":{"line":8,"column":0},"end":{"line":8,"column":53}},"5":{"start":{"line":9,"column":0},"end":{"line":9,"column":49}},"6":{"start":{"line":11,"column":10},"end":{"line":11,"column":24}},"7":{"start":{"line":12,"column":24},"end":{"line":16,"column":null}},"8":{"start":{"line":14,"column":2},"end":{"line":14,"column":null}},"9":{"start":{"line":19,"column":18},"end":{"line":19,"column":53}},"10":{"start":{"line":20,"column":1},"end":{"line":20,"column":null}},"11":{"start":{"line":21,"column":1},"end":{"line":21,"column":null}},"12":{"start":{"line":18,"column":0},"end":{"line":18,"column":16}},"13":{"start":{"line":25,"column":13},"end":{"line":25,"column":14}},"14":{"start":{"line":26,"column":1},"end":{"line":26,"column":null}},"15":{"start":{"line":27,"column":1},"end":{"line":32,"column":null}},"16":{"start":{"line":28,"column":20},"end":{"line":28,"column":37}},"17":{"start":{"line":30,"column":12},"end":{"line":30,"column":44}},"18":{"start":{"line":31,"column":2},"end":{"line":31,"column":null}},"19":{"start":{"line":33,"column":1},"end":{"line":33,"column":14}},"20":{"start":{"line":24,"column":0},"end":{"line":24,"column":16}},"21":{"start":{"line":62,"column":1},"end":{"line":62,"column":83}},"22":{"start":{"line":61,"column":0},"end":{"line":61,"column":16}},"23":{"start":{"line":69,"column":22},"end":{"line":71,"column":32}},"24":{"start":{"line":71,"column":12},"end":{"line":71,"column":30}},"25":{"start":{"line":72,"column":9},"end":{"line":72,"column":10}},"26":{"start":{"line":73,"column":1},"end":{"line":73,"column":56}},"27":{"start":{"line":73,"column":37},"end":{"line":73,"column":54}},"28":{"start":{"line":68,"column":0},"end":{"line":68,"column":7}},"29":{"start":{"line":81,"column":21},"end":{"line":81,"column":55}},"30":{"start":{"line":82,"column":37},"end":{"line":83,"column":65}},"31":{"start":{"line":84,"column":16},"end":{"line":85,"column":53}},"32":{"start":{"line":87,"column":44},"end":{"line":87,"column":65}},"33":{"start":{"line":88,"column":1},"end":{"line":88,"column":null}},"34":{"start":{"line":89,"column":1},"end":{"line":89,"column":null}},"35":{"start":{"line":90,"column":41},"end":{"line":94,"column":null}},"36":{"start":{"line":95,"column":13},"end":{"line":95,"column":63}},"37":{"start":{"line":97,"column":1},"end":{"line":103,"column":null}},"38":{"start":{"line":79,"column":0},"end":{"line":79,"column":16}},"39":{"start":{"line":107,"column":21},"end":{"line":107,"column":81}},"40":{"start":{"line":108,"column":1},"end":{"line":109,"column":null}},"41":{"start":{"line":109,"column":2},"end":{"line":109,"column":null}},"42":{"start":{"line":109,"column":30},"end":{"line":109,"column":null}},"43":{"start":{"line":110,"column":1},"end":{"line":110,"column":null}},"44":{"start":{"line":106,"column":0},"end":{"line":106,"column":16}},"45":{"start":{"line":114,"column":21},"end":{"line":114,"column":38}},"46":{"start":{"line":115,"column":26},"end":{"line":117,"column":null}},"47":{"start":{"line":118,"column":1},"end":{"line":119,"column":null}},"48":{"start":{"line":119,"column":2},"end":{"line":119,"column":null}},"49":{"start":{"line":121,"column":1},"end":{"line":121,"column":null}},"50":{"start":{"line":121,"column":38},"end":{"line":121,"column":null}},"51":{"start":{"line":122,"column":1},"end":{"line":122,"column":null}},"52":{"start":{"line":123,"column":14},"end":{"line":123,"column":40}},"53":{"start":{"line":124,"column":1},"end":{"line":124,"column":null}},"54":{"start":{"line":124,"column":12},"end":{"line":124,"column":null}},"55":{"start":{"line":126,"column":1},"end":{"line":126,"column":null}},"56":{"start":{"line":126,"column":26},"end":{"line":126,"column":null}},"57":{"start":{"line":127,"column":1},"end":{"line":127,"column":null}},"58":{"start":{"line":127,"column":26},"end":{"line":127,"column":null}},"59":{"start":{"line":129,"column":1},"end":{"line":129,"column":null}},"60":{"start":{"line":113,"column":0},"end":{"line":113,"column":16}},"61":{"start":{"line":134,"column":1},"end":{"line":134,"column":null}},"62":{"start":{"line":133,"column":0},"end":{"line":133,"column":16}},"63":{"start":{"line":138,"column":1},"end":{"line":138,"column":null}},"64":{"start":{"line":137,"column":0},"end":{"line":137,"column":16}},"65":{"start":{"line":143,"column":16},"end":{"line":143,"column":87}},"66":{"start":{"line":143,"column":47},"end":{"line":143,"column":86}},"67":{"start":{"line":144,"column":15},"end":{"line":144,"column":42}},"68":{"start":{"line":145,"column":1},"end":{"line":149,"column":null}},"69":{"start":{"line":146,"column":2},"end":{"line":146,"column":24}},"70":{"start":{"line":147,"column":25},"end":{"line":147,"column":51}},"71":{"start":{"line":148,"column":2},"end":{"line":148,"column":null}},"72":{"start":{"line":148,"column":40},"end":{"line":148,"column":58}},"73":{"start":{"line":142,"column":0},"end":{"line":142,"column":7}},"74":{"start":{"line":153,"column":16},"end":{"line":153,"column":18}},"75":{"start":{"line":154,"column":1},"end":{"line":162,"column":null}},"76":{"start":{"line":155,"column":22},"end":{"line":155,"column":61}},"77":{"start":{"line":156,"column":31},"end":{"line":156,"column":60}},"78":{"start":{"line":157,"column":2},"end":{"line":157,"column":null}},"79":{"start":{"line":158,"column":28},"end":{"line":158,"column":32}},"80":{"start":{"line":159,"column":15},"end":{"line":159,"column":44}},"81":{"start":{"line":160,"column":31},"end":{"line":160,"column":44}},"82":{"start":{"line":161,"column":2},"end":{"line":161,"column":null}},"83":{"start":{"line":163,"column":1},"end":{"line":163,"column":null}},"84":{"start":{"line":152,"column":0},"end":{"line":152,"column":7}},"85":{"start":{"line":167,"column":37},"end":{"line":167,"column":39}},"86":{"start":{"line":168,"column":1},"end":{"line":168,"column":null}},"87":{"start":{"line":168,"column":15},"end":{"line":168,"column":null}},"88":{"start":{"line":169,"column":16},"end":{"line":169,"column":54}},"89":{"start":{"line":170,"column":1},"end":{"line":183,"column":null}},"90":{"start":{"line":171,"column":2},"end":{"line":171,"column":null}},"91":{"start":{"line":172,"column":2},"end":{"line":181,"column":null}},"92":{"start":{"line":173,"column":19},"end":{"line":173,"column":83}},"93":{"start":{"line":174,"column":26},"end":{"line":174,"column":51}},"94":{"start":{"line":175,"column":3},"end":{"line":177,"column":null}},"95":{"start":{"line":176,"column":38},"end":{"line":176,"column":75}},"96":{"start":{"line":179,"column":32},"end":{"line":179,"column":46}},"97":{"start":{"line":180,"column":3},"end":{"line":180,"column":null}},"98":{"start":{"line":184,"column":1},"end":{"line":184,"column":null}},"99":{"start":{"line":166,"column":0},"end":{"line":166,"column":7}}},"fnMap":{"0":{"name":"(anonymous_0)","decl":{"start":{"line":13,"column":1},"end":{"line":13,"column":4}},"loc":{"start":{"line":13,"column":32},"end":{"line":15,"column":2}}},"1":{"name":"addToContextList","decl":{"start":{"line":18,"column":16},"end":{"line":18,"column":32}},"loc":{"start":{"line":18,"column":59},"end":{"line":22,"column":1}}},"2":{"name":"getMaxAnnotationId","decl":{"start":{"line":24,"column":16},"end":{"line":24,"column":34}},"loc":{"start":{"line":24,"column":71},"end":{"line":34,"column":1}}},"3":{"name":"getActiveFile","decl":{"start":{"line":61,"column":16},"end":{"line":61,"column":29}},"loc":{"start":{"line":61,"column":29},"end":{"line":63,"column":1}}},"4":{"name":"replaceAsync","decl":{"start":{"line":68,"column":22},"end":{"line":68,"column":34}},"loc":{"start":{"line":68,"column":85},"end":{"line":74,"column":1}}},"5":{"name":"(anonymous_5)","decl":{"start":{"line":71,"column":3},"end":{"line":71,"column":8}},"loc":{"start":{"line":71,"column":12},"end":{"line":71,"column":30}}},"6":{"name":"(anonymous_6)","decl":{"start":{"line":73,"column":31},"end":{"line":73,"column":34}},"loc":{"start":{"line":73,"column":37},"end":{"line":73,"column":54}}},"7":{"name":"parserTarget","decl":{"start":{"line":79,"column":16},"end":{"line":79,"column":28}},"loc":{"start":{"line":79,"column":75},"end":{"line":104,"column":1}}},"8":{"name":"parsePattern","decl":{"start":{"line":106,"column":16},"end":{"line":106,"column":28}},"loc":{"start":{"line":106,"column":65},"end":{"line":111,"column":1}}},"9":{"name":"parseExpression","decl":{"start":{"line":113,"column":16},"end":{"line":113,"column":31}},"loc":{"start":{"line":113,"column":50},"end":{"line":130,"column":1}}},"10":{"name":"patternToTitle","decl":{"start":{"line":133,"column":16},"end":{"line":133,"column":30}},"loc":{"start":{"line":133,"column":46},"end":{"line":135,"column":1}}},"11":{"name":"titleToPattern","decl":{"start":{"line":137,"column":16},"end":{"line":137,"column":30}},"loc":{"start":{"line":137,"column":44},"end":{"line":139,"column":1}}},"12":{"name":"dataviewQuery","decl":{"start":{"line":142,"column":22},"end":{"line":142,"column":35}},"loc":{"start":{"line":142,"column":53},"end":{"line":150,"column":1}}},"13":{"name":"(anonymous_13)","decl":{"start":{"line":143,"column":28},"end":{"line":143,"column":29}},"loc":{"start":{"line":143,"column":47},"end":{"line":143,"column":86}}},"14":{"name":"(anonymous_14)","decl":{"start":{"line":145,"column":20},"end":{"line":145,"column":26}},"loc":{"start":{"line":145,"column":29},"end":{"line":149,"column":2}}},"15":{"name":"(anonymous_15)","decl":{"start":{"line":148,"column":27},"end":{"line":148,"column":28}},"loc":{"start":{"line":148,"column":40},"end":{"line":148,"column":58}}},"16":{"name":"loopPatterns","decl":{"start":{"line":152,"column":22},"end":{"line":152,"column":34}},"loc":{"start":{"line":152,"column":95},"end":{"line":164,"column":1}}},"17":{"name":"resolveOptions","decl":{"start":{"line":166,"column":22},"end":{"line":166,"column":36}},"loc":{"start":{"line":166,"column":52},"end":{"line":185,"column":1}}},"18":{"name":"(anonymous_18)","decl":{"start":{"line":176,"column":24},"end":{"line":176,"column":25}},"loc":{"start":{"line":176,"column":38},"end":{"line":176,"column":75}}}},"branchMap":{"0":{"loc":{"start":{"line":14,"column":9},"end":{"line":14,"column":61}},"type":"binary-expr","locations":[{"start":{"line":14,"column":9},"end":{"line":14,"column":34}},{"start":{"line":14,"column":38},"end":{"line":14,"column":61}}]},"1":{"loc":{"start":{"line":30,"column":12},"end":{"line":30,"column":44}},"type":"binary-expr","locations":[{"start":{"line":30,"column":12},"end":{"line":30,"column":39}},{"start":{"line":30,"column":43},"end":{"line":30,"column":44}}]},"2":{"loc":{"start":{"line":62,"column":8},"end":{"line":62,"column":82}},"type":"binary-expr","locations":[{"start":{"line":62,"column":8},"end":{"line":62,"column":40}},{"start":{"line":62,"column":44},"end":{"line":62,"column":82}}]},"3":{"loc":{"start":{"line":79,"column":29},"end":{"line":79,"column":49}},"type":"default-arg","locations":[{"start":{"line":79,"column":47},"end":{"line":79,"column":49}}]},"4":{"loc":{"start":{"line":79,"column":51},"end":{"line":79,"column":75}},"type":"default-arg","locations":[{"start":{"line":79,"column":73},"end":{"line":79,"column":75}}]},"5":{"loc":{"start":{"line":82,"column":6},"end":{"line":82,"column":22}},"type":"default-arg","locations":[{"start":{"line":82,"column":20},"end":{"line":82,"column":22}}]},"6":{"loc":{"start":{"line":82,"column":24},"end":{"line":82,"column":33}},"type":"default-arg","locations":[{"start":{"line":82,"column":31},"end":{"line":82,"column":33}}]},"7":{"loc":{"start":{"line":84,"column":16},"end":{"line":85,"column":53}},"type":"binary-expr","locations":[{"start":{"line":84,"column":16},"end":{"line":85,"column":47}},{"start":{"line":85,"column":51},"end":{"line":85,"column":53}}]},"8":{"loc":{"start":{"line":87,"column":14},"end":{"line":87,"column":29}},"type":"default-arg","locations":[{"start":{"line":87,"column":27},"end":{"line":87,"column":29}}]},"9":{"loc":{"start":{"line":87,"column":31},"end":{"line":87,"column":40}},"type":"default-arg","locations":[{"start":{"line":87,"column":38},"end":{"line":87,"column":40}}]},"10":{"loc":{"start":{"line":89,"column":8},"end":{"line":89,"column":54}},"type":"cond-expr","locations":[{"start":{"line":89,"column":36},"end":{"line":89,"column":47}},{"start":{"line":89,"column":50},"end":{"line":89,"column":54}}]},"11":{"loc":{"start":{"line":95,"column":13},"end":{"line":95,"column":63}},"type":"binary-expr","locations":[{"start":{"line":95,"column":13},"end":{"line":95,"column":32}},{"start":{"line":95,"column":37},"end":{"line":95,"column":62}}]},"12":{"loc":{"start":{"line":95,"column":37},"end":{"line":95,"column":62}},"type":"cond-expr","locations":[{"start":{"line":95,"column":44},"end":{"line":95,"column":50}},{"start":{"line":95,"column":53},"end":{"line":95,"column":62}}]},"13":{"loc":{"start":{"line":98,"column":8},"end":{"line":98,"column":23}},"type":"binary-expr","locations":[{"start":{"line":98,"column":8},"end":{"line":98,"column":12}},{"start":{"line":98,"column":16},"end":{"line":98,"column":23}}]},"14":{"loc":{"start":{"line":107,"column":21},"end":{"line":107,"column":81}},"type":"binary-expr","locations":[{"start":{"line":107,"column":21},"end":{"line":107,"column":73}},{"start":{"line":107,"column":77},"end":{"line":107,"column":81}}]},"15":{"loc":{"start":{"line":109,"column":2},"end":{"line":109,"column":null}},"type":"if","locations":[{"start":{"line":109,"column":2},"end":{"line":109,"column":null}}]},"16":{"loc":{"start":{"line":118,"column":1},"end":{"line":119,"column":null}},"type":"if","locations":[{"start":{"line":118,"column":1},"end":{"line":119,"column":null}}]},"17":{"loc":{"start":{"line":118,"column":5},"end":{"line":118,"column":43}},"type":"binary-expr","locations":[{"start":{"line":118,"column":5},"end":{"line":118,"column":16}},{"start":{"line":118,"column":20},"end":{"line":118,"column":43}}]},"18":{"loc":{"start":{"line":121,"column":1},"end":{"line":121,"column":null}},"type":"if","locations":[{"start":{"line":121,"column":1},"end":{"line":121,"column":null}}]},"19":{"loc":{"start":{"line":124,"column":1},"end":{"line":124,"column":null}},"type":"if","locations":[{"start":{"line":124,"column":1},"end":{"line":124,"column":null}}]},"20":{"loc":{"start":{"line":126,"column":1},"end":{"line":126,"column":null}},"type":"if","locations":[{"start":{"line":126,"column":1},"end":{"line":126,"column":null}}]},"21":{"loc":{"start":{"line":127,"column":1},"end":{"line":127,"column":null}},"type":"if","locations":[{"start":{"line":127,"column":1},"end":{"line":127,"column":null}}]},"22":{"loc":{"start":{"line":157,"column":13},"end":{"line":157,"column":29}},"type":"binary-expr","locations":[{"start":{"line":157,"column":13},"end":{"line":157,"column":17}},{"start":{"line":157,"column":21},"end":{"line":157,"column":29}}]},"23":{"loc":{"start":{"line":158,"column":9},"end":{"line":158,"column":18}},"type":"default-arg","locations":[{"start":{"line":158,"column":16},"end":{"line":158,"column":18}}]},"24":{"loc":{"start":{"line":168,"column":1},"end":{"line":168,"column":null}},"type":"if","locations":[{"start":{"line":168,"column":1},"end":{"line":168,"column":null}}]},"25":{"loc":{"start":{"line":172,"column":2},"end":{"line":181,"column":null}},"type":"if","locations":[{"start":{"line":172,"column":2},"end":{"line":181,"column":null}},{"start":{"line":178,"column":9},"end":{"line":181,"column":null}}]},"26":{"loc":{"start":{"line":172,"column":6},"end":{"line":172,"column":38}},"type":"binary-expr","locations":[{"start":{"line":172,"column":6},"end":{"line":172,"column":12}},{"start":{"line":172,"column":16},"end":{"line":172,"column":38}}]},"27":{"loc":{"start":{"line":179,"column":16},"end":{"line":179,"column":28}},"type":"default-arg","locations":[{"start":{"line":179,"column":24},"end":{"line":179,"column":28}}]}},"s":{"0":5,"1":5,"2":5,"3":5,"4":5,"5":5,"6":5,"7":5,"8":0,"9":0,"10":0,"11":0,"12":5,"13":0,"14":0,"15":0,"16":0,"17":0,"18":0,"19":0,"20":5,"21":0,"22":5,"23":9,"24":8,"25":9,"26":9,"27":8,"28":5,"29":40,"30":40,"31":40,"32":40,"33":40,"34":40,"35":40,"36":40,"37":40,"38":5,"39":5760,"40":5760,"41":34560,"42":5952,"43":5760,"44":5,"45":4,"46":4,"47":4,"48":1,"49":3,"50":1,"51":2,"52":2,"53":2,"54":0,"55":2,"56":1,"57":1,"58":1,"59":0,"60":5,"61":0,"62":5,"63":0,"64":5,"65":0,"66":0,"67":0,"68":0,"69":0,"70":0,"71":0,"72":0,"73":5,"74":0,"75":0,"76":0,"77":0,"78":0,"79":0,"80":0,"81":0,"82":0,"83":0,"84":5,"85":0,"86":0,"87":0,"88":0,"89":0,"90":0,"91":0,"92":0,"93":0,"94":0,"95":0,"96":0,"97":0,"98":0,"99":5},"f":{"0":0,"1":0,"2":0,"3":0,"4":9,"5":8,"6":8,"7":40,"8":5760,"9":4,"10":0,"11":0,"12":0,"13":0,"14":0,"15":0,"16":0,"17":0,"18":0},"b":{"0":[0,0],"1":[0,0],"2":[0,0],"3":[0],"4":[40],"5":[0],"6":[5],"7":[40,0],"8":[40],"9":[40],"10":[33,7],"11":[40,40],"12":[32,8],"13":[40,7],"14":[5760,0],"15":[5952],"16":[1],"17":[4,4],"18":[1],"19":[0],"20":[1],"21":[1],"22":[0,0],"23":[0],"24":[0],"25":[0,0],"26":[0,0],"27":[0]}}
,"C:\\CODE\\obsidian-inputs\\src\\jsEngine.ts": {"path":"C:\\CODE\\obsidian-inputs\\src\\jsEngine.ts","statementMap":{"0":{"start":{"line":6,"column":0},"end":{"line":6,"column":33}},"1":{"start":{"line":8,"column":10},"end":{"line":8,"column":24}},"2":{"start":{"line":11,"column":13},"end":{"line":11,"column":27}},"3":{"start":{"line":12,"column":1},"end":{"line":12,"column":null}},"4":{"start":{"line":12,"column":13},"end":{"line":12,"column":null}},"5":{"start":{"line":13,"column":16},"end":{"line":13,"column":61}},"6":{"start":{"line":14,"column":17},"end":{"line":14,"column":37}},"7":{"start":{"line":15,"column":18},"end":{"line":15,"column":60}},"8":{"start":{"line":16,"column":1},"end":{"line":16,"column":27}},"9":{"start":{"line":10,"column":0},"end":{"line":10,"column":7}},"10":{"start":{"line":20,"column":23},"end":{"line":21,"column":15}},"11":{"start":{"line":22,"column":14},"end":{"line":27,"column":3}},"12":{"start":{"line":28,"column":1},"end":{"line":28,"column":null}},"13":{"start":{"line":19,"column":0},"end":{"line":19,"column":7}}},"fnMap":{"0":{"name":"importJs","decl":{"start":{"line":10,"column":22},"end":{"line":10,"column":30}},"loc":{"start":{"line":10,"column":51},"end":{"line":17,"column":1}}},"1":{"name":"(anonymous_7)","decl":{"start":{"line":16,"column":1},"end":{"line":16,"column":15}},"loc":{"start":{"line":16,"column":1},"end":{"line":16,"column":27}}},"2":{"name":"asyncEval","decl":{"start":{"line":19,"column":22},"end":{"line":19,"column":31}},"loc":{"start":{"line":19,"column":82},"end":{"line":29,"column":1}}},"3":{"name":"(anonymous_9)","decl":{"start":{"line":20,"column":45},"end":{"line":20,"column":50}},"loc":{"start":{"line":20,"column":50},"end":{"line":21,"column":2}}}},"branchMap":{"0":{"loc":{"start":{"line":12,"column":1},"end":{"line":12,"column":null}},"type":"if","locations":[{"start":{"line":12,"column":1},"end":{"line":12,"column":null}}]},"1":{"loc":{"start":{"line":19,"column":46},"end":{"line":19,"column":57}},"type":"default-arg","locations":[{"start":{"line":19,"column":55},"end":{"line":19,"column":57}}]},"2":{"loc":{"start":{"line":19,"column":59},"end":{"line":19,"column":67}},"type":"default-arg","locations":[{"start":{"line":19,"column":65},"end":{"line":19,"column":67}}]},"3":{"loc":{"start":{"line":19,"column":69},"end":{"line":19,"column":82}},"type":"default-arg","locations":[{"start":{"line":19,"column":77},"end":{"line":19,"column":82}}]}},"s":{"0":5,"1":5,"2":0,"3":0,"4":0,"5":0,"6":0,"7":0,"8":0,"9":5,"10":8,"11":8,"12":8,"13":5},"f":{"0":0,"1":0,"2":8,"3":0},"b":{"0":[0],"1":[0],"2":[0],"3":[0]}}
,"C:\\CODE\\obsidian-inputs\\src\\objects.ts": {"path":"C:\\CODE\\obsidian-inputs\\src\\objects.ts","statementMap":{"0":{"start":{"line":3,"column":0},"end":{"line":3,"column":31}},"1":{"start":{"line":4,"column":0},"end":{"line":4,"column":31}},"2":{"start":{"line":5,"column":0},"end":{"line":5,"column":33}},"3":{"start":{"line":6,"column":0},"end":{"line":6,"column":35}},"4":{"start":{"line":9,"column":1},"end":{"line":18,"column":null}},"5":{"start":{"line":10,"column":2},"end":{"line":17,"column":null}},"6":{"start":{"line":11,"column":12},"end":{"line":11,"column":21}},"7":{"start":{"line":11,"column":28},"end":{"line":11,"column":37}},"8":{"start":{"line":12,"column":3},"end":{"line":15,"column":null}},"9":{"start":{"line":13,"column":4},"end":{"line":13,"column":null}},"10":{"start":{"line":14,"column":4},"end":{"line":14,"column":12}},"11":{"start":{"line":16,"column":3},"end":{"line":16,"column":null}},"12":{"start":{"line":19,"column":1},"end":{"line":19,"column":null}},"13":{"start":{"line":8,"column":0},"end":{"line":8,"column":16}},"14":{"start":{"line":23,"column":20},"end":{"line":23,"column":22}},"15":{"start":{"line":24,"column":23},"end":{"line":24,"column":25}},"16":{"start":{"line":27,"column":2},"end":{"line":29,"column":43}},"17":{"start":{"line":29,"column":3},"end":{"line":29,"column":43}},"18":{"start":{"line":32,"column":2},"end":{"line":36,"column":null}},"19":{"start":{"line":33,"column":3},"end":{"line":33,"column":18}},"20":{"start":{"line":34,"column":3},"end":{"line":34,"column":17}},"21":{"start":{"line":35,"column":3},"end":{"line":35,"column":14}},"22":{"start":{"line":39,"column":1},"end":{"line":39,"column":10}},"23":{"start":{"line":40,"column":1},"end":{"line":40,"column":19}},"24":{"start":{"line":22,"column":0},"end":{"line":22,"column":16}},"25":{"start":{"line":44,"column":19},"end":{"line":44,"column":38}},"26":{"start":{"line":45,"column":1},"end":{"line":58,"column":null}},"27":{"start":{"line":46,"column":14},"end":{"line":46,"column":35}},"28":{"start":{"line":47,"column":15},"end":{"line":47,"column":24}},"29":{"start":{"line":49,"column":2},"end":{"line":55,"column":null}},"30":{"start":{"line":50,"column":3},"end":{"line":53,"column":null}},"31":{"start":{"line":51,"column":20},"end":{"line":51,"column":59}},"32":{"start":{"line":52,"column":4},"end":{"line":52,"column":null}},"33":{"start":{"line":54,"column":3},"end":{"line":54,"column":24}},"34":{"start":{"line":56,"column":16},"end":{"line":56,"column":27}},"35":{"start":{"line":57,"column":2},"end":{"line":57,"column":26}},"36":{"start":{"line":59,"column":1},"end":{"line":59,"column":18}},"37":{"start":{"line":70,"column":13},"end":{"line":70,"column":67}},"38":{"start":{"line":71,"column":18},"end":{"line":71,"column":22}},"39":{"start":{"line":72,"column":1},"end":{"line":76,"column":null}},"40":{"start":{"line":73,"column":23},"end":{"line":73,"column":37}},"41":{"start":{"line":74,"column":2},"end":{"line":74,"column":58}},"42":{"start":{"line":75,"column":8},"end":{"line":75,"column":44}},"43":{"start":{"line":77,"column":9},"end":{"line":77,"column":17}},"44":{"start":{"line":79,"column":16},"end":{"line":79,"column":22}},"45":{"start":{"line":80,"column":1},"end":{"line":98,"column":null}},"46":{"start":{"line":82,"column":3},"end":{"line":82,"column":18}},"47":{"start":{"line":83,"column":3},"end":{"line":83,"column":9}},"48":{"start":{"line":85,"column":3},"end":{"line":85,"column":75}},"49":{"start":{"line":86,"column":3},"end":{"line":86,"column":9}},"50":{"start":{"line":88,"column":3},"end":{"line":88,"column":75}},"51":{"start":{"line":89,"column":3},"end":{"line":89,"column":9}},"52":{"start":{"line":91,"column":3},"end":{"line":91,"column":17}},"53":{"start":{"line":92,"column":3},"end":{"line":92,"column":9}},"54":{"start":{"line":94,"column":3},"end":{"line":94,"column":44}},"55":{"start":{"line":95,"column":3},"end":{"line":95,"column":9}},"56":{"start":{"line":97,"column":3},"end":{"line":97,"column":37}},"57":{"start":{"line":99,"column":1},"end":{"line":99,"column":13}},"58":{"start":{"line":69,"column":0},"end":{"line":69,"column":16}},"59":{"start":{"line":104,"column":13},"end":{"line":106,"column":77}},"60":{"start":{"line":107,"column":15},"end":{"line":107,"column":19}},"61":{"start":{"line":108,"column":1},"end":{"line":108,"column":null}},"62":{"start":{"line":108,"column":23},"end":{"line":108,"column":null}},"63":{"start":{"line":109,"column":1},"end":{"line":119,"column":23}},"64":{"start":{"line":110,"column":2},"end":{"line":110,"column":39}},"65":{"start":{"line":110,"column":25},"end":{"line":110,"column":39}},"66":{"start":{"line":111,"column":2},"end":{"line":112,"column":null}},"67":{"start":{"line":112,"column":3},"end":{"line":112,"column":null}},"68":{"start":{"line":113,"column":2},"end":{"line":114,"column":null}},"69":{"start":{"line":114,"column":3},"end":{"line":114,"column":null}},"70":{"start":{"line":116,"column":10},"end":{"line":116,"column":23}},"71":{"start":{"line":118,"column":2},"end":{"line":118,"column":null}},"72":{"start":{"line":120,"column":1},"end":{"line":120,"column":null}},"73":{"start":{"line":120,"column":31},"end":{"line":120,"column":null}},"74":{"start":{"line":121,"column":1},"end":{"line":121,"column":null}},"75":{"start":{"line":121,"column":22},"end":{"line":121,"column":null}},"76":{"start":{"line":122,"column":1},"end":{"line":122,"column":null}},"77":{"start":{"line":103,"column":0},"end":{"line":103,"column":16}},"78":{"start":{"line":127,"column":17},"end":{"line":127,"column":18}},"79":{"start":{"line":128,"column":1},"end":{"line":131,"column":null}},"80":{"start":{"line":129,"column":2},"end":{"line":129,"column":null}},"81":{"start":{"line":130,"column":2},"end":{"line":130,"column":null}},"82":{"start":{"line":132,"column":1},"end":{"line":132,"column":10}},"83":{"start":{"line":125,"column":0},"end":{"line":125,"column":16}},"84":{"start":{"line":136,"column":13},"end":{"line":138,"column":77}},"85":{"start":{"line":139,"column":15},"end":{"line":139,"column":19}},"86":{"start":{"line":140,"column":1},"end":{"line":140,"column":null}},"87":{"start":{"line":140,"column":23},"end":{"line":140,"column":null}},"88":{"start":{"line":141,"column":1},"end":{"line":151,"column":23}},"89":{"start":{"line":142,"column":2},"end":{"line":142,"column":null}},"90":{"start":{"line":142,"column":25},"end":{"line":142,"column":null}},"91":{"start":{"line":143,"column":2},"end":{"line":144,"column":null}},"92":{"start":{"line":144,"column":3},"end":{"line":144,"column":null}},"93":{"start":{"line":145,"column":2},"end":{"line":146,"column":null}},"94":{"start":{"line":146,"column":3},"end":{"line":146,"column":null}},"95":{"start":{"line":148,"column":10},"end":{"line":148,"column":23}},"96":{"start":{"line":150,"column":2},"end":{"line":150,"column":null}},"97":{"start":{"line":152,"column":1},"end":{"line":152,"column":null}},"98":{"start":{"line":135,"column":0},"end":{"line":135,"column":16}}},"fnMap":{"0":{"name":"deepAssign","decl":{"start":{"line":8,"column":16},"end":{"line":8,"column":26}},"loc":{"start":{"line":8,"column":60},"end":{"line":20,"column":1}}},"1":{"name":"flatObject","decl":{"start":{"line":22,"column":16},"end":{"line":22,"column":26}},"loc":{"start":{"line":22,"column":37},"end":{"line":41,"column":1}}},"2":{"name":"dig","decl":{"start":{"line":26,"column":10},"end":{"line":26,"column":13}},"loc":{"start":{"line":26,"column":17},"end":{"line":37,"column":2}}},"3":{"name":"unflattenObject","decl":{"start":{"line":43,"column":9},"end":{"line":43,"column":24}},"loc":{"start":{"line":43,"column":38},"end":{"line":60,"column":1}}},"4":{"name":"objectSet","decl":{"start":{"line":69,"column":16},"end":{"line":69,"column":25}},"loc":{"start":{"line":69,"column":98},"end":{"line":101,"column":1}}},"5":{"name":"objectGet","decl":{"start":{"line":103,"column":16},"end":{"line":103,"column":25}},"loc":{"start":{"line":103,"column":61},"end":{"line":123,"column":1}}},"6":{"name":"setPrototype","decl":{"start":{"line":125,"column":16},"end":{"line":125,"column":28}},"loc":{"start":{"line":125,"column":59},"end":{"line":133,"column":1}}},"7":{"name":"objectHaveKey","decl":{"start":{"line":135,"column":16},"end":{"line":135,"column":29}},"loc":{"start":{"line":135,"column":65},"end":{"line":153,"column":1}}}},"branchMap":{"0":{"loc":{"start":{"line":12,"column":3},"end":{"line":15,"column":null}},"type":"if","locations":[{"start":{"line":12,"column":3},"end":{"line":15,"column":null}}]},"1":{"loc":{"start":{"line":12,"column":7},"end":{"line":12,"column":44}},"type":"binary-expr","locations":[{"start":{"line":12,"column":7},"end":{"line":12,"column":23}},{"start":{"line":12,"column":27},"end":{"line":12,"column":44}}]},"2":{"loc":{"start":{"line":27,"column":2},"end":{"line":29,"column":43}},"type":"if","locations":[{"start":{"line":27,"column":2},"end":{"line":29,"column":43}}]},"3":{"loc":{"start":{"line":50,"column":3},"end":{"line":53,"column":null}},"type":"if","locations":[{"start":{"line":50,"column":3},"end":{"line":53,"column":null}}]},"4":{"loc":{"start":{"line":52,"column":18},"end":{"line":52,"column":54}},"type":"cond-expr","locations":[{"start":{"line":52,"column":30},"end":{"line":52,"column":32}},{"start":{"line":52,"column":35},"end":{"line":52,"column":54}}]},"5":{"loc":{"start":{"line":69,"column":63},"end":{"line":69,"column":98}},"type":"default-arg","locations":[{"start":{"line":69,"column":89},"end":{"line":69,"column":98}}]},"6":{"loc":{"start":{"line":74,"column":11},"end":{"line":74,"column":57}},"type":"cond-expr","locations":[{"start":{"line":74,"column":39},"end":{"line":74,"column":52}},{"start":{"line":74,"column":55},"end":{"line":74,"column":57}}]},"7":{"loc":{"start":{"line":80,"column":1},"end":{"line":98,"column":null}},"type":"switch","locations":[{"start":{"line":81,"column":2},"end":{"line":83,"column":9}},{"start":{"line":84,"column":2},"end":{"line":86,"column":9}},{"start":{"line":87,"column":2},"end":{"line":89,"column":9}},{"start":{"line":90,"column":2},"end":{"line":92,"column":9}},{"start":{"line":93,"column":2},"end":{"line":95,"column":9}},{"start":{"line":96,"column":2},"end":{"line":97,"column":37}}]},"8":{"loc":{"start":{"line":85,"column":12},"end":{"line":85,"column":74}},"type":"cond-expr","locations":[{"start":{"line":85,"column":36},"end":{"line":85,"column":54}},{"start":{"line":85,"column":57},"end":{"line":85,"column":74}}]},"9":{"loc":{"start":{"line":88,"column":12},"end":{"line":88,"column":74}},"type":"cond-expr","locations":[{"start":{"line":88,"column":36},"end":{"line":88,"column":54}},{"start":{"line":88,"column":57},"end":{"line":88,"column":74}}]},"10":{"loc":{"start":{"line":94,"column":12},"end":{"line":94,"column":43}},"type":"cond-expr","locations":[{"start":{"line":94,"column":36},"end":{"line":94,"column":38}},{"start":{"line":94,"column":41},"end":{"line":94,"column":43}}]},"11":{"loc":{"start":{"line":104,"column":13},"end":{"line":106,"column":77}},"type":"cond-expr","locations":[{"start":{"line":105,"column":2},"end":{"line":105,"column":6}},{"start":{"line":106,"column":2},"end":{"line":106,"column":77}}]},"12":{"loc":{"start":{"line":108,"column":1},"end":{"line":108,"column":null}},"type":"if","locations":[{"start":{"line":108,"column":1},"end":{"line":108,"column":null}}]},"13":{"loc":{"start":{"line":110,"column":2},"end":{"line":110,"column":39}},"type":"if","locations":[{"start":{"line":110,"column":2},"end":{"line":110,"column":39}}]},"14":{"loc":{"start":{"line":111,"column":2},"end":{"line":112,"column":null}},"type":"if","locations":[{"start":{"line":111,"column":2},"end":{"line":112,"column":null}}]},"15":{"loc":{"start":{"line":112,"column":14},"end":{"line":112,"column":42}},"type":"binary-expr","locations":[{"start":{"line":112,"column":14},"end":{"line":112,"column":31}},{"start":{"line":112,"column":35},"end":{"line":112,"column":42}}]},"16":{"loc":{"start":{"line":113,"colum
[...]
ull}},"46":{"start":{"line":98,"column":15},"end":{"line":98,"column":null}},"47":{"start":{"line":98,"column":58},"end":{"line":98,"column":78}},"48":{"start":{"line":99,"column":1},"end":{"line":99,"column":null}},"49":{"start":{"line":99,"column":39},"end":{"line":99,"column":null}},"50":{"start":{"line":99,"column":83},"end":{"line":99,"column":103}},"51":{"start":{"line":100,"column":1},"end":{"line":100,"column":null}},"52":{"start":{"line":100,"column":38},"end":{"line":100,"column":null}},"53":{"start":{"line":100,"column":83},"end":{"line":100,"column":103}},"54":{"start":{"line":101,"column":1},"end":{"line":101,"column":null}},"55":{"start":{"line":87,"column":0},"end":{"line":87,"column":16}},"56":{"start":{"line":106,"column":15},"end":{"line":106,"column":40}},"57":{"start":{"line":107,"column":18},"end":{"line":107,"column":20}},"58":{"start":{"line":108,"column":17},"end":{"line":108,"column":82}},"59":{"start":{"line":109,"column":1},"end":{"line":120,"column":null}},"60":{"start":{"line":110,"column":2},"end":{"line":110,"column":22}},"61":{"start":{"line":110,"column":14},"end":{"line":110,"column":22}},"62":{"start":{"line":111,"column":12},"end":{"line":111,"column":13}},"63":{"start":{"line":112,"column":24},"end":{"line":112,"column":26}},"64":{"start":{"line":113,"column":2},"end":{"line":113,"column":null}},"65":{"start":{"line":114,"column":2},"end":{"line":117,"column":null}},"66":{"start":{"line":115,"column":3},"end":{"line":115,"column":null}},"67":{"start":{"line":116,"column":3},"end":{"line":116,"column":null}},"68":{"start":{"line":118,"column":29},"end":{"line":118,"column":86}},"69":{"start":{"line":118,"column":63},"end":{"line":118,"column":85}},"70":{"start":{"line":119,"column":2},"end":{"line":119,"column":null}},"71":{"start":{"line":122,"column":1},"end":{"line":122,"column":null}},"72":{"start":{"line":105,"column":0},"end":{"line":105,"column":16}},"73":{"start":{"line":126,"column":11},"end":{"line":126,"column":36}},"74":{"start":{"line":127,"column":1},"end":{"line":127,"column":null}},"75":{"start":{"line":127,"column":14},"end":{"line":127,"column":null}},"76":{"start":{"line":128,"column":1},"end":{"line":128,"column":null}},"77":{"start":{"line":125,"column":0},"end":{"line":125,"column":16}},"78":{"start":{"line":132,"column":11},"end":{"line":132,"column":40}},"79":{"start":{"line":133,"column":1},"end":{"line":133,"column":null}},"80":{"start":{"line":133,"column":14},"end":{"line":133,"column":null}},"81":{"start":{"line":134,"column":1},"end":{"line":134,"column":null}},"82":{"start":{"line":131,"column":0},"end":{"line":131,"column":16}},"83":{"start":{"line":138,"column":12},"end":{"line":138,"column":51}},"84":{"start":{"line":139,"column":1},"end":{"line":139,"column":null}},"85":{"start":{"line":139,"column":12},"end":{"line":139,"column":null}},"86":{"start":{"line":140,"column":16},"end":{"line":140,"column":64}},"87":{"start":{"line":141,"column":1},"end":{"line":141,"column":null}},"88":{"start":{"line":137,"column":0},"end":{"line":137,"column":16}},"89":{"start":{"line":145,"column":1},"end":{"line":145,"column":null}},"90":{"start":{"line":144,"column":0},"end":{"line":144,"column":16}},"91":{"start":{"line":148,"column":1},"end":{"line":148,"column":null}},"92":{"start":{"line":147,"column":0},"end":{"line":147,"column":16}},"93":{"start":{"line":152,"column":1},"end":{"line":152,"column":null}},"94":{"start":{"line":151,"column":0},"end":{"line":151,"column":16}}},"fnMap":{"0":{"name":"(anonymous_0)","decl":{"start":{"line":13,"column":10},"end":{"line":13,"column":11}},"loc":{"start":{"line":13,"column":36},"end":{"line":15,"column":2}}},"1":{"name":"(anonymous_1)","decl":{"start":{"line":16,"column":10},"end":{"line":16,"column":11}},"loc":{"start":{"line":16,"column":32},"end":{"line":16,"column":55}}},"2":{"name":"processPattern","decl":{"start":{"line":19,"column":9},"end":{"line":19,"column":23}},"loc":{"start":{"line":19,"column":60},"end":{"line":26,"column":1}}},"3":{"name":"stringTemplate","decl":{"start":{"line":28,"column":22},"end":{"line":28,"column":36}},"loc":{"start":{"line":28,"column":84},"end":{"line":54,"column":1}}},"4":{"name":"(anonymous_4)","decl":{"start":{"line":36,"column":26},"end":{"line":36,"column":27}},"loc":{"start":{"line":36,"column":34},"end":{"line":39,"column":3}}},"5":{"name":"(anonymous_5)","decl":{"start":{"line":41,"column":26},"end":{"line":41,"column":27}},"loc":{"start":{"line":41,"column":34},"end":{"line":44,"column":3}}},"6":{"name":"(anonymous_6)","decl":{"start":{"line":47,"column":72},"end":{"line":47,"column":77}},"loc":{"start":{"line":47,"column":98},"end":{"line":52,"column":2}}},"7":{"name":"(anonymous_7)","decl":{"start":{"line":51,"column":10},"end":{"line":51,"column":11}},"loc":{"start":{"line":51,"column":15},"end":{"line":51,"column":44}}},"8":{"name":"manipulateValue","decl":{"start":{"line":59,"column":16},"end":{"line":59,"column":31}},"loc":{"start":{"line":59,"column":79},"end":{"line":78,"column":1}}},"9":{"name":"(anonymous_9)","decl":{"start":{"line":60,"column":37},"end":{"line":60,"column":38}},"loc":{"start":{"line":60,"column":52},"end":{"line":60,"column":60}}},"10":{"name":"cleanString","decl":{"start":{"line":87,"column":16},"end":{"line":87,"column":27}},"loc":{"start":{"line":87,"column":65},"end":{"line":102,"column":1}}},"11":{"name":"(anonymous_11)","decl":{"start":{"line":97,"column":55},"end":{"line":97,"column":56}},"loc":{"start":{"line":97,"column":60},"end":{"line":97,"column":80}}},"12":{"name":"(anonymous_12)","decl":{"start":{"line":98,"column":53},"end":{"line":98,"column":54}},"loc":{"start":{"line":98,"column":58},"end":{"line":98,"column":78}}},"13":{"name":"(anonymous_13)","decl":{"start":{"line":99,"column":78},"end":{"line":99,"column":79}},"loc":{"start":{"line":99,"column":83},"end":{"line":99,"column":103}}},"14":{"name":"(anonymous_14)","decl":{"start":{"line":100,"column":78},"end":{"line":100,"column":79}},"loc":{"start":{"line":100,"column":83},"end":{"line":100,"column":103}}},"15":{"name":"cleanMatch","decl":{"start":{"line":105,"column":16},"end":{"line":105,"column":26}},"loc":{"start":{"line":105,"column":69},"end":{"line":123,"column":1}}},"16":{"name":"(anonymous_16)","decl":{"start":{"line":118,"column":47},"end":{"line":118,"column":48}},"loc":{"start":{"line":118,"column":63},"end":{"line":118,"column":85}}},"17":{"name":"sliceFrom","decl":{"start":{"line":125,"column":16},"end":{"line":125,"column":25}},"loc":{"start":{"line":125,"column":75},"end":{"line":129,"column":1}}},"18":{"name":"lastSliceFrom","decl":{"start":{"line":131,"column":16},"end":{"line":131,"column":29}},"loc":{"start":{"line":131,"column":79},"end":{"line":135,"column":1}}},"19":{"name":"link","decl":{"start":{"line":137,"column":16},"end":{"line":137,"column":20}},"loc":{"start":{"line":137,"column":37},"end":{"line":142,"column":1}}},"20":{"name":"spliceString","decl":{"start":{"line":144,"column":16},"end":{"line":144,"column":28}},"loc":{"start":{"line":144,"column":78},"end":{"line":146,"column":1}}},"21":{"name":"spliceString2","decl":{"start":{"line":147,"column":16},"end":{"line":147,"column":29}},"loc":{"start":{"line":147,"column":90},"end":{"line":149,"column":1}}},"22":{"name":"sliceRemover","decl":{"start":{"line":151,"column":16},"end":{"line":151,"column":28}},"loc":{"start":{"line":151,"column":94},"end":{"line":153,"column":1}}}},"branchMap":{"0":{"loc":{"start":{"line":13,"column":11},"end":{"line":13,"column":32}},"type":"default-arg","locations":[{"start":{"line":13,"column":20},"end":{"line":13,"column":32}}]},"1":{"loc":{"start":{"line":16,"column":11},"end":{"line":16,"column":27}},"type":"default-arg","locations":[{"start":{"line":16,"column":20},"end":{"line":16,"column":27}}]},"2":{"loc":{"start":{"line":19,"column":37},"end":{"line":19,"column":60}},"type":"default-arg","locations":[{"start":{"line":19,"column":58},"end":{"line":19,"column":60}}]},"3":{"loc":{"start":{"line":21,"column":23},"end":{"line":21,"column":62}},"type":"binary-expr","locations":[{"start":{"line":21,"column":23},"end":{"line":21,"column":56}},{"start":{"line":21,"column":60},"end":{"line":21,"column":62}}]},"4":{"loc":{"start":{"line":22,"column":21},"end":{"line":22,"column":71}},"type":"binary-expr","locations":[{"start":{"line":22,"column":21},"end":{"line":22,"column":44}},{"start":{"line":22,"column":48},"end":{"line":22,"column":71}}]},"5":{"loc":{"start":{"line":23,"column":14},"end":{"line":23,"column":35}},"type":"binary-expr","locations":[{"start":{"line":23,"column":14},"end":{"line":23,"column":29}},{"start":{"line":23,"column":33},"end":{"line":23,"column":35}}]},"6":{"loc":{"start":{"line":24,"column":15},"end":{"line":24,"column":84}},"type":"cond-expr","locations":[{"start":{"line":24,"column":50},"end":{"line":24,"column":70}},{"start":{"line":24,"column":73},"end":{"line":24,"column":84}}]},"7":{"loc":{"start":{"line":28,"column":61},"end":{"line":28,"column":84}},"type":"default-arg","locations":[{"start":{"line":28,"column":82},"end":{"line":28,"column":84}}]},"8":{"loc":{"start":{"line":30,"column":1},"end":{"line":30,"column":null}},"type":"if","locations":[{"start":{"line":30,"column":1},"end":{"line":30,"column":null}}]},"9":{"loc":{"start":{"line":38,"column":22},"end":{"line":38,"column":33}},"type":"binary-expr","locations":[{"start":{"line":38,"column":22},"end":{"line":38,"column":27}},{"start":{"line":38,"column":31},"end":{"line":38,"column":33}}]},"10":{"loc":{"start":{"line":43,"column":22},"end":{"line":43,"column":33}},"type":"binary-expr","locations":[{"start":{"line":43,"column":22},"end":{"line":43,"column":27}},{"start":{"line":43,"column":31},"end":{"line":43,"column":33}}]},"11":{"loc":{"start":{"line":49,"column":38},"end":{"line":49,"column":52}},"type":"binary-expr","locations":[{"start":{"line":49,"column":38},"end":{"line":49,"column":43}},{"start":{"line":49,"column":47},"end":{"line":49,"column":52}}]},"12":{"loc":{"start":{"line":50,"column":9},"end":{"line":51,"column":45}},"type":"binary-expr","locations":[{"start":{"line":50,"column":9},"end":{"line":50,"column":14}},{"start":{"line":50,"column":18},"end":{"line":51,"column":45}}]},"13":{"loc":{"start":{"line":61,"column":1},"end":{"line":76,"column":null}},"type":"switch","locations":[{"start":{"line":62,"column":2},"end":{"line":64,"column":9}},{"start":{"line":65,"column":2},"end":{"line":67,"column":9}},{"start":{"line":68,"column":2},"end":{"line":70,"column":9}},{"start":{"line":71,"column":2},"end":{"line":73,"column":9}},{"start":{"line":74,"column":2},"end":{"line":75,"column":37}}]},"14":{"loc":{"start":{"line":87,"column":44},"end":{"line":87,"column":65}},"type":"default-arg","locations":[{"start":{"line":87,"column":63},"end":{"line":87,"column":65}}]},"15":{"loc":{"start":{"line":89,"column":2},"end":{"line":89,"column":17}},"type":"default-arg","locations":[{"start":{"line":89,"column":13},"end":{"line":89,"column":17}}]},"16":{"loc":{"start":{"line":90,"column":2},"end":{"line":90,"column":20}},"type":"default-arg","locations":[{"start":{"line":90,"column":16},"end":{"line":90,"column":20}}]},"17":{"loc":{"start":{"line":91,"column":2},"end":{"line":91,"column":26}},"type":"default-arg","locations":[{"start":{"line":91,"column":22},"end":{"line":91,"column":26}}]},"18":{"loc":{"start":{"line":92,"column":2},"end":{"line":92,"column":19}},"type":"default-arg","locations":[{"start":{"line":92,"column":15},"end":{"line":92,"column":19}}]},"19":{"loc":{"start":{"line":93,"column":2},"end":{"line":93,"column":25}},"type":"default-arg","locations":[{"start":{"line":93,"column":21},"end":{"line":93,"column":25}}]},"20":{"loc":{"start":{"line":97,"column":1},"end":{"line":97,"column":null}},"type":"if","locations":[{"start":{"line":97,"column":1},"end":{"line":97,"column":null}}]},"21":{"loc":{"start":{"line":98,"column":1},"end":{"line":98,"column":null}},"type":"if","locations":[{"start":{"line":98,"column":1},"end":{"line":98,"column":null}}]},"22":{"loc":{"start":{"line":99,"column":1},"end":{"line":99,"column":null}},"type":"if","locations":[{"start":{"line":99,"column":1},"end":{"line":99,"column":null}}]},"23":{"loc":{"start":{"line":99,"column":5},"end":{"line":99,"column":37}},"type":"binary-expr","locations":[{"start":{"line":99,"column":5},"end":{"line":99,"column":16}},{"start":{"line":99,"column":20},"end":{"line":99,"column":37}}]},"24":{"loc":{"start":{"line":100,"column":1},"end":{"line":100,"column":null}},"type":"if","locations":[{"start":{"line":100,"column":1},"end":{"line":100,"column":null}}]},"25":{"loc":{"start":{"line":100,"column":5},"end":{"line":100,"column":36}},"type":"binary-expr","locations":[{"start":{"line":100,"column":5},"end":{"line":100,"column":16}},{"start":{"line":100,"column":20},"end":{"line":100,"column":36}}]},"26":{"loc":{"start":{"line":105,"column":60},"end":{"line":105,"column":69}},"type":"default-arg","locations":[{"start":{"line":105,"column":67},"end":{"line":105,"column":69}}]},"27":{"loc":{"start":{"line":108,"column":17},"end":{"line":108,"column":82}},"type":"cond-expr","locations":[{"start":{"line":108,"column":34},"end":{"line":108,"column":57}},{"start":{"line":108,"column":60},"end":{"line":108,"column":82}}]},"28":{"loc":{"start":{"line":110,"column":2},"end":{"line":110,"column":22}},"type":"if","locations":[{"start":{"line":110,"column":2},"end":{"line":110,"column":22}}]},"29":{"loc":{"start":{"line":115,"column":35},"end":{"line":115,"column":47}},"type":"binary-expr","locations":[{"start":{"line":115,"column":35},"end":{"line":115,"column":41}},{"start":{"line":115,"column":45},"end":{"line":115,"column":47}}]},"30":{"loc":{"start":{"line":125,"column":61},"end":{"line":125,"column":75}},"type":"default-arg","locations":[{"start":{"line":125,"column":71},"end":{"line":125,"column":75}}]},"31":{"loc":{"start":{"line":127,"column":1},"end":{"line":127,"column":null}},"type":"if","locations":[{"start":{"line":127,"column":1},"end":{"line":127,"column":null}}]},"32":{"loc":{"start":{"line":128,"column":26},"end":{"line":128,"column":56}},"type":"cond-expr","locations":[{"start":{"line":128,"column":36},"end":{"line":128,"column":37}},{"start":{"line":128,"column":40},"end":{"line":128,"column":56}}]},"33":{"loc":{"start":{"line":131,"column":65},"end":{"line":131,"column":79}},"type":"default-arg","locations":[{"start":{"line":131,"column":75},"end":{"line":131,"column":79}}]},"34":{"loc":{"start":{"line":133,"column":1},"end":{"line":133,"column":null}},"type":"if","locations":[{"start":{"line":133,"column":1},"end":{"line":133,"column":null}}]},"35":{"loc":{"start":{"line":134,"column":26},"end":{"line":134,"column":56}},"type":"cond-expr","locations":[{"start":{"line":134,"column":36},"end":{"line":134,"column":37}},{"start":{"line":134,"column":40},"end":{"line":134,"column":56}}]},"36":{"loc":{"start":{"line":138,"column":22},"end":{"line":138,"column":50}},"type":"binary-expr","locations":[{"start":{"line":138,"column":22},"end":{"line":138,"column":42}},{"start":{"line":138,"column":46},"end":{"line":138,"column":50}}]},"37":{"loc":{"start":{"line":139,"column":1},"end":{"line":139,"column":null}},"type":"if","locations":[{"start":{"line":139,"column":1},"end":{"line":139,"column":null}}]},"38":{"loc":{"start":{"line":144,"column":60},"end":{"line":144,"column":67}},"type":"default-arg","locations":[{"start":{"line":144,"column":66},"end":{"line":144,"column":67}}]},"39":{"loc":{"start":{"line":144,"column":69},"end":{"line":144,"column":78}},"type":"default-arg","locations":[{"start":{"line":144,"column":76},"end":{"line":144,"column":78}}]},"40":{"loc":{"start":{"line":147,"column":81},"end":{"line":147,"column":90}},"type":"default-arg","locations":[{"start":{"line":147,"column":88},"end":{"line":147,"column":90}}]},"41":{"loc":{"start":{"line":151,"column":83},"end":{"line":151,"column":94}},"type":"default-arg","locations":[{"start":{"line":151,"column":92},"end":{"line":151,"column":94}}]}},"s":{"0":5,"1":5,"2":5,"3":5,"4":5,"5":0,"6":0,"7":10,"8":10,"9":10,"10":10,"11":10,"12":9,"13":0,"14":9,"15":1,"16":1,"17":1,"18":1,"19":9,"20":8,"21":8,"22":4,"23":5,"24":0,"25":0,"26":0,"27":0,"28":0,"29":0,"30":0,"31":0,"32":0,"33":0,"34":0,"35":0,"36":0,"37":5,"38":5,"39":5,"40":5,"41":5,"42":5,"43":5,"44":0,"45":5,"46":5,"47":5,"48":5,"49":0,"50":0,"51":5,"52":0,"53":0,"54":5,"55":5,"56":0,"57":0,"58":0,"59":0,"60":0,"61":0,"62":0,"63":0,"64":0,"65":0,"66":0,"67":0,"68":0,"69":0,"70":0,"71":0,"72":5,"73":0,"74":0,"75":0,"76":0,"77":5,"78":40,"79":40,"80":0,"81":40,"82":5,"83":0,"84":0,"85":0,"86":0,"87":0,"88":5,"89":0,"90":5,"91":0,"92":5,"93":0,"94":5},"f":{"0":0,"1":0,"2":10,"3":9,"4":1,"5":1,"6":8,"7":4,"8":0,"9":0,"10":5,"11":0,"12":5,"13":0,"14":0,"15":0,"16":0,"17":0,"18":40,"19":0,"20":0,"21":0,"22":0},"b":{"0":[0],"1":[0],"2":[0],"3":[10,0],"4":[10,10],"5":[10,10],"6":[0,10],"7":[9],"8":[0],"9":[1,1],"10":[1,1],"11":[8,1],"12":[8,8],"13":[0,0,0,0,0],"14":[0],"15":[5],"16":[0],"17":[5],"18":[5],"19":[5],"20":[5],"21":[5],"22":[0],"23":[5,0],"24":[0],"25":[5,0],"26":[0],"27":[0,0],"28":[0],"29":[0,0],"30":[0],"31":[0],"32":[0,0],"33":[0],"34":[0],"35":[0,40],"36":[0,0],"37":[0],"38":[0],"39":[0],"40":[0],"41":[0]}}
,"C:\\CODE\\obsidian-inputs\\src\\tracer.ts": {"path":"C:\\CODE\\obsidian-inputs\\src\\tracer.ts","statementMap":{"0":{"start":{"line":1,"column":0},"end":{"line":1,"column":32}},"1":{"start":{"line":5,"column":38},"end":{"line":5,"column":54}},"2":{"start":{"line":7,"column":1},"end":{"line":7,"column":null}},"3":{"start":{"line":7,"column":23},"end":{"line":7,"column":null}},"4":{"start":{"line":8,"column":1},"end":{"line":8,"column":null}},"5":{"start":{"line":8,"column":25},"end":{"line":8,"column":null}},"6":{"start":{"line":9,"column":1},"end":{"line":9,"column":null}},"7":{"start":{"line":9,"column":25},"end":{"line":9,"column":null}},"8":{"start":{"line":10,"column":1},"end":{"line":10,"column":null}},"9":{"start":{"line":10,"column":24},"end":{"line":10,"column":null}},"10":{"start":{"line":11,"column":1},"end":{"line":11,"column":null}},"11":{"start":{"line":11,"column":22},"end":{"line":11,"column":null}},"12":{"start":{"line":12,"column":1},"end":{"line":12,"column":null}},"13":{"start":{"line":4,"column":0},"end":{"line":4,"column":16}},"14":{"start":{"line":16,"column":12},"end":{"line":16,"column":41}},"15":{"start":{"line":17,"column":1},"end":{"line":17,"column":null}},"16":{"start":{"line":18,"column":1},"end":{"line":18,"column":null}},"17":{"start":{"line":15,"column":0},"end":{"line":15,"column":16}}},"fnMap":{"0":{"name":"traceExpression","decl":{"start":{"line":4,"column":16},"end":{"line":4,"column":31}},"loc":{"start":{"line":4,"column":59},"end":{"line":13,"column":1}}},"1":{"name":"log","decl":{"start":{"line":15,"column":16},"end":{"line":15,"column":19}},"loc":{"start":{"line":15,"column":75},"end":{"line":19,"column":1}}}},"branchMap":{"0":{"loc":{"start":{"line":7,"column":1},"end":{"line":7,"column":null}},"type":"if","locations":[{"start":{"line":7,"column":1},"end":{"line":7,"column":null}}]},"1":{"loc":{"start":{"line":8,"column":1},"end":{"line":8,"column":null}},"type":"if","locations":[{"start":{"line":8,"column":1},"end":{"line":8,"column":null}}]},"2":{"loc":{"start":{"line":9,"column":1},"end":{"line":9,"column":null}},"type":"if","locations":[{"start":{"line":9,"column":1},"end":{"line":9,"column":null}}]},"3":{"loc":{"start":{"line":10,"column":1},"end":{"line":10,"column":null}},"type":"if","locations":[{"start":{"line":10,"column":1},"end":{"line":10,"column":null}}]},"4":{"loc":{"start":{"line":11,"column":1},"end":{"line":11,"column":null}},"type":"if","locations":[{"start":{"line":11,"column":1},"end":{"line":11,"column":null}}]}},"s":{"0":5,"1":4,"2":4,"3":1,"4":4,"5":1,"6":4,"7":1,"8":4,"9":0,"10":4,"11":1,"12":4,"13":5,"14":4,"15":4,"16":4,"17":5},"f":{"0":4,"1":4},"b":{"0":[1],"1":[1],"2":[1],"3":[0],"4":[1]}}
}
