TN:
SF:compactSnapshotSerializers.js
FN:7,(anonymous_0)
FN:8,(anonymous_1)
FN:9,(anonymous_2)
FN:24,(anonymous_3)
FN:27,(anonymous_4)
FNF:5
FNH:5
FNDA:4,(anonymous_0)
FNDA:4,(anonymous_1)
FNDA:100,(anonymous_2)
FNDA:4,(anonymous_3)
FNDA:4,(anonymous_4)
DA:4,4
DA:5,4
DA:7,4
DA:9,4
DA:10,100
DA:11,100
DA:12,32
DA:15,4
DA:23,4
DA:25,4
DA:28,4
LF:11
LH:11
BRDA:7,0,0,4
BRDA:7,0,1,4
BRDA:11,1,0,68
BRDA:11,1,1,32
BRF:4
BRH:4
end_of_record
TN:
SF:src\api.ts
FN:5,(anonymous_0)
FN:5,(anonymous_1)
FN:30,duration
FN:54,templater
FN:78,resolveExpression
FN:106,saveValue
FN:143,processPattern
FN:161,runSequence
FNF:8
FNH:0
FNDA:0,(anonymous_0)
FNDA:0,(anonymous_1)
FNDA:0,duration
FNDA:0,templater
FNDA:0,resolveExpression
FNDA:0,saveValue
FNDA:0,processPattern
FNDA:0,runSequence
DA:2,5
DA:3,5
DA:5,5
DA:7,5
DA:8,5
DA:12,5
DA:13,5
DA:14,5
DA:15,5
DA:16,5
DA:17,5
DA:18,5
DA:21,5
DA:30,5
DA:31,0
DA:32,0
DA:33,0
DA:54,5
DA:56,0
DA:57,0
DA:58,0
DA:59,0
DA:60,0
DA:78,5
DA:79,0
DA:80,0
DA:82,0
DA:83,0
DA:84,0
DA:85,0
DA:86,0
DA:87,0
DA:88,0
DA:89,0
DA:91,0
DA:92,0
DA:94,0
DA:95,0
DA:98,0
DA:102,0
DA:106,5
DA:107,0
DA:111,0
DA:112,0
DA:113,0
DA:115,0
DA:117,0
DA:119,0
DA:120,0
DA:121,0
DA:122,0
DA:124,0
DA:125,0
DA:126,0
DA:127,0
DA:130,0
DA:131,0
DA:134,0
DA:135,0
DA:138,0
DA:139,0
DA:140,0
DA:143,5
DA:144,0
DA:145,0
DA:147,0
DA:148,0
DA:149,0
DA:150,0
DA:151,0
DA:153,0
DA:161,5
DA:162,0
DA:163,0
DA:165,0
DA:166,0
DA:167,0
DA:168,0
DA:169,0
DA:170,0
LF:80
LH:19
BRDA:30,0,0,0
BRDA:30,1,0,0
BRDA:54,2,0,0
BRDA:78,3,0,0
BRDA:82,4,0,0
BRDA:82,4,1,0
BRDA:84,5,0,0
BRDA:84,5,1,0
BRDA:85,6,0,0
BRDA:85,6,1,0
BRDA:88,7,0,0
BRDA:107,8,0,0
BRDA:113,9,0,0
BRDA:113,9,1,0
BRDA:122,10,0,0
BRDA:122,10,1,0
BRDA:122,10,2,0
BRDA:138,11,0,0
BRDA:143,12,0,0
BRDA:161,13,0,0
BRDA:162,14,0,0
BRDA:167,15,0,0
BRDA:168,16,0,0
BRDA:168,16,1,0
BRF:24
BRH:0
end_of_record
TN:
SF:src\consts.ts
FN:11,(anonymous_0)
FNF:1
FNH:1
FNDA:45,(anonymous_0)
DA:1,5
DA:11,45
LF:2
LH:2
BRF:0
BRH:0
end_of_record
TN:
SF:src\data.headers.ts
FN:13,quickHeader
FN:16,(anonymous_1)
FNF:2
FNH:0
FNDA:0,quickHeader
FNDA:0,(anonymous_1)
DA:1,5
DA:13,5
DA:14,0
DA:15,0
DA:16,0
DA:18,0
DA:19,0
DA:20,0
DA:21,0
DA:23,0
DA:24,0
DA:28,0
DA:30,0
DA:31,0
DA:33,0
DA:34,0
DA:35,0
DA:36,0
DA:37,0
DA:39,0
DA:41,0
DA:43,0
LF:22
LH:2
BRDA:14,0,0,0
BRDA:15,1,0,0
BRDA:18,2,0,0
BRDA:19,3,0,0
BRDA:19,4,0,0
BRDA:19,4,1,0
BRDA:20,5,0,0
BRDA:20,6,0,0
BRDA:20,6,1,0
BRDA:21,7,0,0
BRDA:21,8,0,0
BRDA:21,8,1,0
BRDA:25,9,0,0
BRDA:25,9,1,0
BRDA:25,9,2,0
BRDA:26,10,0,0
BRDA:26,10,1,0
BRDA:28,11,0,0
BRDA:33,12,0,0
BRDA:34,13,0,0
BRDA:35,14,0,0
BRDA:36,15,0,0
BRDA:37,16,0,0
BRF:23
BRH:0
end_of_record
TN:
SF:src\data.inlineFields.ts
FN:4,getInlineFields
FN:17,(anonymous_1)
FN:24,(anonymous_2)
FN:48,(anonymous_3)
FN:51,getClosesInlineFieldToPattern
FN:57,(anonymous_5)
FN:64,(anonymous_6)
FNF:7
FNH:4
FNDA:5,getInlineFields
FNDA:9,(anonymous_1)
FNDA:18,(anonymous_2)
FNDA:6,(anonymous_3)
FNDA:0,getClosesInlineFieldToPattern
FNDA:0,(anonymous_5)
FNDA:0,(anonymous_6)
DA:2,5
DA:4,5
DA:6,5
DA:8,5
DA:9,5
DA:14,5
DA:16,5
DA:17,15
DA:18,9
DA:19,9
DA:20,9
DA:21,9
DA:22,9
DA:23,9
DA:24,18
DA:25,9
DA:27,9
DA:28,9
DA:29,9
DA:30,9
DA:31,9
DA:40,9
DA:48,6
DA:51,5
DA:52,0
DA:53,0
DA:55,0
DA:57,0
DA:58,0
DA:59,0
DA:64,0
DA:67,0
LF:32
LH:24
BRDA:10,0,0,5
BRDA:10,0,1,5
BRDA:11,1,0,5
BRDA:11,1,1,5
BRDA:12,2,0,5
BRDA:12,2,1,5
BRDA:23,3,0,0
BRDA:23,4,0,0
BRDA:52,5,0,0
BRDA:53,6,0,0
BRDA:60,7,0,0
BRDA:60,7,1,0
BRF:12
BRH:6
end_of_record
TN:
SF:src\data.ts
FN:14,getFileData
FN:27,getFileStructure
FN:36,waitFileStructureReady
FN:47,refreshFileStructure
FN:56,(anonymous_4)
FNF:5
FNH:0
FNDA:0,getFileData
FNDA:0,getFileStructure
FNDA:0,waitFileStructureReady
FNDA:0,refreshFileStructure
FNDA:0,(anonymous_4)
DA:4,4
DA:5,4
DA:6,4
DA:12,4
DA:14,4
DA:15,0
DA:16,0
DA:17,0
DA:18,0
DA:19,0
DA:20,0
DA:21,0
DA:22,0
DA:23,0
DA:24,0
DA:27,4
DA:28,0
DA:29,0
DA:30,0
DA:31,0
DA:32,0
DA:36,4
DA:37,0
DA:38,0
DA:39,0
DA:40,0
DA:41,0
DA:42,0
DA:44,0
DA:47,4
DA:48,0
DA:49,0
DA:50,0
DA:52,0
DA:53,0
DA:55,0
DA:56,0
DA:58,0
DA:59,0
DA:60,0
DA:61,0
LF:41
LH:8
BRDA:14,0,0,0
BRDA:14,1,0,0
BRDA:19,2,0,0
BRDA:20,3,0,0
BRDA:20,4,0,0
BRDA:22,5,0,0
BRDA:23,6,0,0
BRDA:29,7,0,0
BRDA:31,8,0,0
BRDA:40,9,0,0
BRDA:50,10,0,0
BRF:11
BRH:0
end_of_record
TN:
SF:src\files.ts
FN:12,getTFileContent
FN:17,getFreeFileName
FN:38,joinPaths
FN:59,markFileAsDirty
FN:64,renameFile
FN:73,removeFile
FN:78,isFileNotation
FN:84,modifyFileContent
FN:92,getTFile
FN:100,letTFile
FN:107,createTFile
FN:110,(anonymous_11)
FNF:12
FNH:1
FNDA:0,getTFileContent
FNDA:0,getFreeFileName
FNDA:0,joinPaths
FNDA:0,markFileAsDirty
FNDA:0,renameFile
FNDA:0,removeFile
FNDA:2,isFileNotation
FNDA:0,modifyFileContent
FNDA:0,getTFile
FNDA:0,letTFile
FNDA:0,createTFile
FNDA:0,(anonymous_11)
DA:2,5
DA:3,5
DA:5,5
DA:7,5
DA:9,5
DA:10,5
DA:12,5
DA:13,0
DA:14,0
DA:17,5
DA:18,0
DA:19,0
DA:21,0
DA:23,0
DA:25,0
DA:27,0
DA:28,0
DA:29,0
DA:30,0
DA:31,0
DA:33,0
DA:35,0
DA:38,5
DA:39,0
DA:40,0
DA:43,0
DA:44,0
DA:45,0
DA:46,0
DA:49,0
DA:50,0
DA:51,0
DA:54,0
DA:59,5
DA:60,0
DA:61,0
DA:64,5
DA:65,0
DA:66,0
DA:67,0
DA:68,0
DA:69,0
DA:70,0
DA:73,5
DA:74,0
DA:75,0
DA:76,0
DA:78,5
DA:79,2
DA:80,2
DA:81,0
DA:84,5
DA:85,0
DA:86,0
DA:87,0
DA:88,0
DA:89,0
DA:92,5
DA:93,0
DA:94,0
DA:95,0
DA:96,0
DA:97,0
DA:100,5
DA:101,0
DA:102,0
DA:104,0
DA:107,5
DA:108,0
DA:109,0
DA:110,0
DA:111,0
DA:112,0
DA:113,0
DA:114,0
DA:115,0
LF:76
LH:19
BRDA:17,0,0,0
BRDA:18,1,0,0
BRDA:19,2,0,0
BRDA:19,3,0,0
BRDA:19,3,1,0
BRDA:21,4,0,0
BRDA:29,5,0,0
BRDA:29,5,1,0
BRDA:30,6,0,0
BRDA:30,6,1,0
BRDA:43,7,0,0
BRDA:44,8,0,0
BRDA:50,9,0,0
BRDA:50,9,1,0
BRDA:51,10,0,0
BRDA:61,11,0,0
BRDA:66,12,0,0
BRDA:75,13,0,0
BRDA:79,14,0,0
BRDA:79,15,0,2
BRDA:79,15,1,0
BRDA:80,16,0,2
BRDA:93,17,0,0
BRDA:94,18,0,0
BRDA:94,18,1,0
BRDA:95,19,0,0
BRDA:95,20,0,0
BRDA:95,20,1,0
BRDA:96,21,0,0
BRDA:96,21,1,0
BRDA:96,22,0,0
BRDA:96,22,1,0
BRDA:102,23,0,0
BRDA:107,24,0,0
BRF:34
BRH:2
end_of_record
TN:
SF:src\internalApi.ts
FN:13,(anonymous_0)
FN:18,addToContextList
FN:24,getMaxAnnotationId
FN:61,getActiveFile
FN:68,replaceAsync
FN:71,(anonymous_5)
FN:73,(anonymous_6)
FN:79,parserTarget
FN:106,parsePattern
FN:113,parseExpression
FN:133,patternToTitle
FN:137,titleToPattern
FN:142,dataviewQuery
FN:143,(anonymous_13)
FN:145,(anonymous_14)
FN:148,(anonymous_15)
FN:152,loopPatterns
FN:166,resolveOptions
FN:176,(anonymous_18)
FNF:19
FNH:6
FNDA:0,(anonymous_0)
FNDA:0,addToContextList
FNDA:0,getMaxAnnotationId
FNDA:0,getActiveFile
FNDA:9,replaceAsync
FNDA:8,(anonymous_5)
FNDA:8,(anonymous_6)
FNDA:40,parserTarget
FNDA:5760,parsePattern
FNDA:4,parseExpression
FNDA:0,patternToTitle
FNDA:0,titleToPattern
FNDA:0,dataviewQuery
FNDA:0,(anonymous_13)
FNDA:0,(anonymous_14)
FNDA:0,(anonymous_15)
FNDA:0,loopPatterns
FNDA:0,resolveOptions
FNDA:0,(anonymous_18)
DA:2,5
DA:3,5
DA:5,5
DA:6,5
DA:8,5
DA:9,5
DA:11,5
DA:12,5
DA:14,0
DA:18,5
DA:19,0
DA:20,0
DA:21,0
DA:24,5
DA:25,0
DA:26,0
DA:27,0
DA:28,0
DA:30,0
DA:31,0
DA:33,0
DA:61,5
DA:62,0
DA:68,5
DA:69,9
DA:71,8
DA:72,9
DA:73,9
DA:79,5
DA:81,40
DA:82,40
DA:84,40
DA:87,40
DA:88,40
DA:89,40
DA:90,40
DA:95,40
DA:97,40
DA:106,5
DA:107,5760
DA:108,5760
DA:109,34560
DA:110,5760
DA:113,5
DA:114,4
DA:115,4
DA:118,4
DA:119,1
DA:121,3
DA:122,2
DA:123,2
DA:124,2
DA:126,2
DA:127,1
DA:129,0
DA:133,5
DA:134,0
DA:137,5
DA:138,0
DA:142,5
DA:143,0
DA:144,0
DA:145,0
DA:146,0
DA:147,0
DA:148,0
DA:152,5
DA:153,0
DA:154,0
DA:155,0
DA:156,0
DA:157,0
DA:158,0
DA:159,0
DA:160,0
DA:161,0
DA:163,0
DA:166,5
DA:167,0
DA:168,0
DA:169,0
DA:170,0
DA:171,0
DA:172,0
DA:173,0
DA:174,0
DA:175,0
DA:176,0
DA:179,0
DA:180,0
DA:184,0
LF:91
LH:47
BRDA:14,0,0,0
BRDA:14,0,1,0
BRDA:30,1,0,0
BRDA:30,1,1,0
BRDA:62,2,0,0
BRDA:62,2,1,0
BRDA:79,3,0,0
BRDA:79,4,0,40
BRDA:82,5,0,0
BRDA:82,6,0,5
BRDA:84,7,0,40
BRDA:84,7,1,0
BRDA:87,8,0,40
BRDA:87,9,0,40
BRDA:89,10,0,33
BRDA:89,10,1,7
BRDA:95,11,0,40
BRDA:95,11,1,40
BRDA:95,12,0,32
BRDA:95,12,1,8
BRDA:98,13,0,40
BRDA:98,13,1,7
BRDA:107,14,0,5760
BRDA:107,14,1,0
BRDA:109,15,0,5952
BRDA:118,16,0,1
BRDA:118,17,0,4
BRDA:118,17,1,4
BRDA:121,18,0,1
BRDA:124,19,0,0
BRDA:126,20,0,1
BRDA:127,21,0,1
BRDA:157,22,0,0
BRDA:157,22,1,0
BRDA:158,23,0,0
BRDA:168,24,0,0
BRDA:172,25,0,0
BRDA:172,25,1,0
BRDA:172,26,0,0
BRDA:172,26,1,0
BRDA:179,27,0,0
BRF:41
BRH:21
end_of_record
TN:
SF:src\jsEngine.ts
FN:10,importJs
FN:16,(anonymous_7)
FN:19,asyncEval
FN:20,(anonymous_9)
FNF:4
FNH:1
FNDA:0,importJs
FNDA:0,(anonymous_7)
FNDA:8,asyncEval
FNDA:0,(anonymous_9)
DA:6,5
DA:8,5
DA:10,5
DA:11,0
DA:12,0
DA:13,0
DA:14,0
DA:15,0
DA:16,0
DA:19,5
DA:20,8
DA:22,8
DA:28,8
LF:13
LH:7
BRDA:12,0,0,0
BRDA:19,1,0,0
BRDA:19,2,0,0
BRDA:19,3,0,0
BRF:4
BRH:0
end_of_record
TN:
SF:src\objects.ts
FN:8,deepAssign
FN:22,flatObject
FN:26,dig
FN:43,unflattenObject
FN:69,objectSet
FN:103,objectGet
FN:125,setPrototype
FN:135,objectHaveKey
FNF:8
FNH:1
FNDA:0,deepAssign
FNDA:0,flatObject
FNDA:0,dig
FNDA:0,unflattenObject
FNDA:0,objectSet
FNDA:10,objectGet
FNDA:0,setPrototype
FNDA:0,objectHaveKey
DA:3,5
DA:4,5
DA:5,5
DA:6,5
DA:8,5
DA:9,0
DA:10,0
DA:11,0
DA:12,0
DA:13,0
DA:14,0
DA:16,0
DA:19,0
DA:22,5
DA:23,0
DA:24,0
DA:27,0
DA:29,0
DA:32,0
DA:33,0
DA:34,0
DA:35,0
DA:39,0
DA:40,0
DA:44,0
DA:45,0
DA:46,0
DA:47,0
DA:49,0
DA:50,0
DA:51,0
DA:52,0
DA:54,0
DA:56,0
DA:57,0
DA:59,0
DA:69,5
DA:70,0
DA:71,0
DA:72,0
DA:73,0
DA:74,0
DA:75,0
DA:77,0
DA:79,0
DA:80,0
DA:82,0
DA:83,0
DA:85,0
DA:86,0
DA:88,0
DA:89,0
DA:91,0
DA:92,0
DA:94,0
DA:95,0
DA:97,0
DA:99,0
DA:103,5
DA:104,10
DA:107,10
DA:108,10
DA:109,10
DA:110,13
DA:111,10
DA:112,0
DA:113,10
DA:114,0
DA:116,10
DA:118,10
DA:120,7
DA:121,7
DA:122,7
DA:125,5
DA:127,0
DA:128,0
DA:129,0
DA:130,0
DA:132,0
DA:135,5
DA:136,0
DA:139,0
DA:140,0
DA:141,0
DA:142,0
DA:143,0
DA:144,0
DA:145,0
DA:146,0
DA:148,0
DA:150,0
DA:152,0
LF:92
LH:22
BRDA:12,0,0,0
BRDA:12,1,0,0
BRDA:12,1,1,0
BRDA:27,2,0,0
BRDA:50,3,0,0
BRDA:52,4,0,0
BRDA:52,4,1,0
BRDA:69,5,0,0
BRDA:74,6,0,0
BRDA:74,6,1,0
BRDA:80,7,0,0
BRDA:80,7,1,0
BRDA:80,7,2,0
BRDA:80,7,3,0
BRDA:80,7,4,0
BRDA:80,7,5,0
BRDA:85,8,0,0
BRDA:85,8,1,0
BRDA:88,9,0,0
BRDA:88,9,1,0
BRDA:94,10,0,0
BRDA:94,10,1,0
BRDA:104,11,0,0
BRDA:104,11,1,10
BRDA:108,12,0,0
BRDA:110,13,0,3
BRDA:111,14,0,0
BRDA:112,15,0,0
BRDA:112,15,1,0
BRDA:113,16,0,0
BRDA:120,17,0,0
BRDA:121,18,0,0
BRDA:136,19,0,0
BRDA:136,19,1,0
BRDA:140,20,0,0
BRDA:142,21,0,0
BRDA:143,22,0,0
BRDA:144,23,0,0
BRDA:144,23,1,0
BRDA:145,24,0,0
BRF:40
BRH:2
end_of_record
TN:
SF:src\quicky.ts
FN:12,setFrontmatter
FN:22,(anonymous_1)
FN:27,setInlineField
FN:72,quickText
FN:87,(anonymous_4)
FN:87,(anonymous_5)
FN:93,(anonymous_6)
FN:113,quickFile
FNF:8
FNH:0
FNDA:0,setFrontmatter
FNDA:0,(anonymous_1)
FNDA:0,setInlineField
FNDA:0,quickText
FNDA:0,(anonymous_4)
FNDA:0,(anonymous_5)
FNDA:0,(anonymous_6)
FNDA:0,quickFile
DA:2,5
DA:3,5
DA:4,5
DA:6,5
DA:8,5
DA:10,5
DA:12,5
DA:13,0
DA:22,0
DA:23,0
DA:27,5
DA:28,0
DA:29,0
DA:30,0
DA:31,0
DA:33,0
DA:35,0
DA:36,0
DA:38,0
DA:40,0
DA:42,0
DA:43,0
DA:44,0
DA:45,0
DA:48,0
DA:72,5
DA:73,0
DA:74,0
DA:75,0
DA:76,0
DA:77,0
DA:78,0
DA:79,0
DA:80,0
DA:81,0
DA:82,0
DA:83,0
DA:84,0
DA:87,0
DA:89,0
DA:90,0
DA:93,0
DA:94,0
DA:95,0
DA:96,0
DA:97,0
DA:98,0
DA:101,0
DA:113,5
DA:114,0
DA:115,0
DA:116,0
DA:117,0
DA:118,0
DA:119,0
DA:121,0
DA:122,0
DA:123,0
DA:125,0
DA:126,0
DA:128,0
DA:129,0
DA:130,0
DA:131,0
DA:134,0
DA:135,0
DA:136,0
DA:137,0
DA:138,0
DA:139,0
LF:70
LH:10
BRDA:12,0,0,0
BRDA:27,1,0,0
BRDA:29,2,0,0
BRDA:29,2,1,0
BRDA:33,3,0,0
BRDA:33,3,1,0
BRDA:38,4,0,0
BRDA:42,5,0,0
BRDA:44,6,0,0
BRDA:44,6,1,0
BRDA:73,7,0,0
BRDA:76,8,0,0
BRDA:76,8,1,0
BRDA:82,9,0,0
BRDA:89,10,0,0
BRDA:94,11,0,0
BRDA:95,12,0,0
BRDA:96,13,0,0
BRDA:97,14,0,0
BRDA:113,15,0,0
BRDA:114,16,0,0
BRDA:116,17,0,0
BRDA:117,18,0,0
BRDA:121,19,0,0
BRDA:122,20,0,0
BRDA:122,20,1,0
BRDA:125,21,0,0
BRDA:126,22,0,0
BRDA:130,23,0,0
BRDA:130,23,1,0
BRDA:134,24,0,0
BRDA:135,25,0,0
BRDA:136,26,0,0
BRDA:137,27,0,0
BRF:34
BRH:0
end_of_record
TN:
SF:src\strings.ts
FN:13,(anonymous_0)
FN:16,(anonymous_1)
FN:19,processPattern
FN:28,stringTemplate
FN:36,(anonymous_4)
FN:41,(anonymous_5)
FN:47,(anonymous_6)
FN:51,(anonymous_7)
FN:59,manipulateValue
FN:60,(anonymous_9)
FN:87,cleanString
FN:97,(anonymous_11)
FN:98,(anonymous_12)
FN:99,(anonymous_13)
FN:100,(anonymous_14)
FN:105,cleanMatch
FN:118,(anonymous_16)
FN:125,sliceFrom
FN:131,lastSliceFrom
FN:137,link
FN:144,spliceString
FN:147,spliceString2
FN:151,sliceRemover
FNF:23
FNH:9
FNDA:0,(anonymous_0)
FNDA:0,(anonymous_1)
FNDA:10,processPattern
FNDA:9,stringTemplate
FNDA:1,(anonymous_4)
FNDA:1,(anonymous_5)
FNDA:8,(anonymous_6)
FNDA:4,(anonymous_7)
FNDA:0,manipulateValue
FNDA:0,(anonymous_9)
FNDA:5,cleanString
FNDA:0,(anonymous_11)
FNDA:5,(anonymous_12)
FNDA:0,(anonymous_13)
FNDA:0,(anonymous_14)
FNDA:0,cleanMatch
FNDA:0,(anonymous_16)
FNDA:0,sliceFrom
FNDA:40,lastSliceFrom
FNDA:0,link
FNDA:0,spliceString
FNDA:0,spliceString2
FNDA:0,sliceRemover
DA:2,5
DA:5,5
DA:6,5
DA:7,5
DA:12,5
DA:14,0
DA:16,0
DA:21,10
DA:22,10
DA:23,10
DA:24,10
DA:25,10
DA:28,5
DA:30,9
DA:34,9
DA:37,1
DA:38,1
DA:42,1
DA:43,1
DA:47,9
DA:49,8
DA:50,8
DA:51,4
DA:59,5
DA:60,0
DA:61,0
DA:63,0
DA:64,0
DA:66,0
DA:67,0
DA:69,0
DA:70,0
DA:72,0
DA:73,0
DA:75,0
DA:77,0
DA:80,5
DA:87,5
DA:94,5
DA:95,5
DA:96,5
DA:97,5
DA:98,5
DA:99,5
DA:100,5
DA:101,5
DA:105,5
DA:106,0
DA:107,0
DA:108,0
DA:109,0
DA:110,0
DA:111,0
DA:112,0
DA:113,0
DA:114,0
DA:115,0
DA:116,0
DA:118,0
DA:119,0
DA:122,0
DA:125,5
DA:126,0
DA:127,0
DA:128,0
DA:131,5
DA:132,40
DA:133,40
DA:134,40
DA:137,5
DA:138,0
DA:139,0
DA:140,0
DA:141,0
DA:144,5
DA:145,0
DA:147,5
DA:148,0
DA:151,5
DA:152,0
LF:80
LH:42
BRDA:13,0,0,0
BRDA:16,1,0,0
BRDA:19,2,0,0
BRDA:21,3,0,10
BRDA:21,3,1,0
BRDA:22,4,0,10
BRDA:22,4,1,10
BRDA:23,5,0,10
BRDA:23,5,1,10
BRDA:24,6,0,0
BRDA:24,6,1,10
BRDA:28,7,0,9
BRDA:30,8,0,0
BRDA:38,9,0,1
BRDA:38,9,1,1
BRDA:43,10,0,1
BRDA:43,10,1,1
BRDA:49,11,0,8
BRDA:49,11,1,1
BRDA:50,12,0,8
BRDA:50,12,1,8
BRDA:61,13,0,0
BRDA:61,13,1,0
BRDA:61,13,2,0
BRDA:61,13,3,0
BRDA:61,13,4,0
BRDA:87,14,0,0
BRDA:89,15,0,5
BRDA:90,16,0,0
BRDA:91,17,0,5
BRDA:92,18,0,5
BRDA:93,19,0,5
BRDA:97,20,0,5
BRDA:98,21,0,5
BRDA:99,22,0,0
BRDA:99,23,0,5
BRDA:99,23,1,0
BRDA:100,24,0,0
BRDA:100,25,0,5
BRDA:100,25,1,0
BRDA:105,26,0,0
BRDA:108,27,0,0
BRDA:108,27,1,0
BRDA:110,28,0,0
BRDA:115,29,0,0
BRDA:115,29,1,0
BRDA:125,30,0,0
BRDA:127,31,0,0
BRDA:128,32,0,0
BRDA:128,32,1,0
BRDA:131,33,0,0
BRDA:133,34,0,0
BRDA:134,35,0,0
BRDA:134,35,1,40
BRDA:138,36,0,0
BRDA:138,36,1,0
BRDA:139,37,0,0
BRDA:144,38,0,0
BRDA:144,39,0,0
BRDA:147,40,0,0
BRDA:151,41,0,0
BRF:61
BRH:24
end_of_record
TN:
SF:src\tracer.ts
FN:4,traceExpression
FN:15,log
FNF:2
FNH:2
FNDA:4,traceExpression
FNDA:4,log
DA:1,5
DA:4,5
DA:5,4
DA:7,4
DA:8,4
DA:9,4
DA:10,4
DA:11,4
DA:12,4
DA:15,5
DA:16,4
DA:17,4
DA:18,4
LF:13
LH:13
BRDA:7,0,0,1
BRDA:8,1,0,1
BRDA:9,2,0,1
BRDA:10,3,0,0
BRDA:11,4,0,1
BRF:5
BRH:4
end_of_record
